2025-04-25 02:05:45,236 [INFO] Activator:176 - 


2025-04-25 02:05:45,242 [INFO] Activator:177 - !SESSION log4j initialized
2025-04-25 02:05:53,323 [INFO] LogOutputStream:77 - [STDOUT_REDIRECT] 
2025-04-25 02:06:07,782 [INFO] ApplicationProperties:184 - Using Application install path: C:\ST\STM32CubeIDE_1.18.0\STM32CubeIDE\plugins\com.st.stm32cube.common.mx_6.14.0.202502271554
2025-04-25 02:06:07,808 [INFO] DbMcusXml:78 - Set database path to: C:\ST\STM32CubeIDE_1.18.0\STM32CubeIDE\plugins\com.st.stm32cube.common.mx_6.14.0.202502271554\\db\/mcu/
2025-04-25 02:06:07,809 [INFO] ApiDb:274 - Set plugin database path to: C:\ST\STM32CubeIDE_1.18.0\STM32CubeIDE\plugins\com.st.stm32cube.common.mx_6.14.0.202502271554\\db\/plugins/boardmanager/
2025-04-25 02:06:07,810 [WARN] ApiDb:259 - Overriding images path with different value:  => C:\ST\STM32CubeIDE_1.18.0\STM32CubeIDE\plugins\com.st.stm32cube.common.mx_6.14.0.202502271554\\db\/plugins/mcufinder/images/
2025-04-25 02:06:07,825 [INFO] ApiDb:250 - Set database path to: C:\Users\kathe\.stmcufinder\plugins\mcufinder//mcu/
2025-04-25 02:06:07,826 [INFO] DbMcusAds:125 - Set database path to: C:\Users\kathe\.stmcufinder\plugins\mcufinder//mcu/
2025-04-25 02:06:07,829 [INFO] CrossReferenceDbSqlite:203 - Set database path to: C:\Users\kathe\.stmcufinder\plugins\mcufinder//mcu/cs/
2025-04-25 02:06:07,975 [INFO] RulesReader:64 - Compatibility file has been processed (301 Rules)
2025-04-25 02:06:08,087 [INFO] DbMcusXml:78 - Set database path to: C:\ST\STM32CubeIDE_1.18.0\STM32CubeIDE\plugins\com.st.stm32cube.common.mx_6.14.0.202502271554\\db\/mcu/
2025-04-25 02:06:08,087 [INFO] ApiDb:274 - Set plugin database path to: C:\ST\STM32CubeIDE_1.18.0\STM32CubeIDE\plugins\com.st.stm32cube.common.mx_6.14.0.202502271554\\db\/plugins/boardmanager/
2025-04-25 02:06:08,087 [INFO] ApiDb:261 - Set plugin images path to: C:\ST\STM32CubeIDE_1.18.0\STM32CubeIDE\plugins\com.st.stm32cube.common.mx_6.14.0.202502271554\\db\/plugins/mcufinder/images/
2025-04-25 02:06:08,088 [WARN] DbFile:41 - Overriding database path with different value: C:\Users\kathe\.stmcufinder\plugins\mcufinder/ => C:\Users\kathe\.stmcufinder\plugins\mcufinder
2025-04-25 02:06:08,088 [INFO] ApiDb:250 - Set database path to: C:\Users\kathe\.stmcufinder\plugins\mcufinder//mcu/
2025-04-25 02:06:08,088 [WARN] DbFile:41 - Overriding database path with different value: C:\Users\kathe\.stmcufinder\plugins\mcufinder/ => C:\Users\kathe\.stmcufinder\plugins\mcufinder
2025-04-25 02:06:08,088 [INFO] DbMcusAds:125 - Set database path to: C:\Users\kathe\.stmcufinder\plugins\mcufinder//mcu/
2025-04-25 02:06:08,088 [WARN] DbFile:41 - Overriding database path with different value: C:\Users\kathe\.stmcufinder\plugins\mcufinder/ => C:\Users\kathe\.stmcufinder\plugins\mcufinder
2025-04-25 02:06:08,088 [WARN] DbFile:41 - Overriding database path with different value: C:\Users\kathe\.stmcufinder\plugins\mcufinder/ => C:\Users\kathe\.stmcufinder\plugins\mcufinder
2025-04-25 02:06:08,088 [INFO] CrossReferenceDbSqlite:203 - Set database path to: C:\Users\kathe\.stmcufinder\plugins\mcufinder//mcu/cs/
2025-04-25 02:06:08,200 [INFO] MainPanel:272 - HeapMemory: 268435456
2025-04-25 02:06:08,339 [INFO] DbMcusXml:78 - Set database path to: C:\ST\STM32CubeIDE_1.18.0\STM32CubeIDE\plugins\com.st.stm32cube.common.mx_6.14.0.202502271554\\db\/mcu/
2025-04-25 02:06:08,340 [INFO] ApiDb:274 - Set plugin database path to: C:\ST\STM32CubeIDE_1.18.0\STM32CubeIDE\plugins\com.st.stm32cube.common.mx_6.14.0.202502271554\\db\/plugins/boardmanager/
2025-04-25 02:06:08,340 [INFO] ApiDb:261 - Set plugin images path to: C:\ST\STM32CubeIDE_1.18.0\STM32CubeIDE\plugins\com.st.stm32cube.common.mx_6.14.0.202502271554\\db\/plugins/mcufinder/images/
2025-04-25 02:06:08,340 [WARN] DbFile:41 - Overriding database path with different value: C:\Users\kathe\.stmcufinder\plugins\mcufinder/ => C:\Users\kathe\.stmcufinder\plugins\mcufinder
2025-04-25 02:06:08,340 [INFO] ApiDb:250 - Set database path to: C:\Users\kathe\.stmcufinder\plugins\mcufinder//mcu/
2025-04-25 02:06:08,340 [WARN] DbFile:41 - Overriding database path with different value: C:\Users\kathe\.stmcufinder\plugins\mcufinder/ => C:\Users\kathe\.stmcufinder\plugins\mcufinder
2025-04-25 02:06:08,340 [INFO] DbMcusAds:125 - Set database path to: C:\Users\kathe\.stmcufinder\plugins\mcufinder//mcu/
2025-04-25 02:06:08,341 [WARN] DbFile:41 - Overriding database path with different value: C:\Users\kathe\.stmcufinder\plugins\mcufinder/ => C:\Users\kathe\.stmcufinder\plugins\mcufinder
2025-04-25 02:06:08,341 [WARN] DbFile:41 - Overriding database path with different value: C:\Users\kathe\.stmcufinder\plugins\mcufinder/ => C:\Users\kathe\.stmcufinder\plugins\mcufinder
2025-04-25 02:06:08,341 [INFO] CrossReferenceDbSqlite:203 - Set database path to: C:\Users\kathe\.stmcufinder\plugins\mcufinder//mcu/cs/
2025-04-25 02:06:08,364 [INFO] ApplicationProperties:184 - Using Application install path: C:\ST\STM32CubeIDE_1.18.0\STM32CubeIDE\plugins\com.st.stm32cube.common.mx_6.14.0.202502271554
2025-04-25 02:06:08,366 [INFO] PluginManage:196 - Search for loadable plugins [exclusion list=, ]
2025-04-25 02:06:08,369 [INFO] PluginManage:310 - Check plugin analytics
2025-04-25 02:06:08,596 [INFO] AnalyticsPlugin:253 - Accepted Software Licenses: STM32CubeMX.6.14.0
2025-04-25 02:06:08,597 [INFO] AnalyticsPlugin:255 - Accepted CMSIS Pack Licenses: 
2025-04-25 02:06:08,597 [INFO] AnalyticsPlugin:257 - Accepted Firmware Licenses: FW.G4.1.6.0
2025-04-25 02:06:08,601 [INFO] PluginManage:359 - Loaded plugin analytics (category:tool,tabindex:-1)
2025-04-25 02:06:08,602 [INFO] PluginManage:310 - Check plugin cadmodel
2025-04-25 02:06:08,609 [INFO] CADModel:105 - Init CAD model plugin
2025-04-25 02:06:08,609 [INFO] PluginManage:359 - Loaded plugin cadmodel (category:power,tabindex:5)
2025-04-25 02:06:08,609 [INFO] PluginManage:310 - Check plugin clock
2025-04-25 02:06:08,623 [INFO] PluginManage:359 - Loaded plugin clock (category:base,tabindex:2)
2025-04-25 02:06:08,624 [INFO] PluginManage:310 - Check plugin ddr
2025-04-25 02:06:08,626 [INFO] PluginManage:359 - Loaded plugin ddr (category:tool,tabindex:6)
2025-04-25 02:06:08,626 [INFO] PluginManage:310 - Check plugin filemanager
2025-04-25 02:06:08,810 [INFO] PluginManage:359 - Loaded plugin filemanager (category:base,tabindex:10)
2025-04-25 02:06:08,810 [INFO] PluginManage:310 - Check plugin ipmanager
2025-04-25 02:06:08,820 [INFO] PluginManage:359 - Loaded plugin ipmanager (category:base,tabindex:5)
2025-04-25 02:06:08,821 [INFO] PluginManage:310 - Check plugin lpbam
2025-04-25 02:06:08,832 [INFO] PluginManage:359 - Loaded plugin lpbam (category:base,tabindex:0)
2025-04-25 02:06:08,832 [INFO] PluginManage:310 - Check plugin memorymap
2025-04-25 02:06:08,852 [INFO] PluginManage:359 - Loaded plugin memorymap (category:base,tabindex:4)
2025-04-25 02:06:08,852 [INFO] PluginManage:310 - Check plugin pinoutandconfiguration
2025-04-25 02:06:08,862 [INFO] PluginManage:359 - Loaded plugin pinoutandconfiguration (category:base,tabindex:1)
2025-04-25 02:06:08,862 [INFO] PluginManage:310 - Check plugin pinoutconfig
2025-04-25 02:06:08,987 [WARN] SupportedApi:132 - Cannot load RTOS API schema: s4s-elt-must-match.1: The content of 'definitions' must match (annotation?, (simpleType | complexType)?, (unique | key | keyref)*)). A problem was found starting at: attribute.
2025-04-25 02:06:09,179 [INFO] PluginManage:359 - Loaded plugin pinoutconfig (category:base,tabindex:0)
2025-04-25 02:06:09,179 [INFO] PluginManage:310 - Check plugin power
2025-04-25 02:06:09,192 [INFO] PluginManage:359 - Loaded plugin power (category:power,tabindex:4)
2025-04-25 02:06:09,192 [INFO] PluginManage:310 - Check plugin projectmanager
2025-04-25 02:06:09,211 [INFO] PluginManage:359 - Loaded plugin projectmanager (category:projectmanager,tabindex:4)
2025-04-25 02:06:09,212 [INFO] PluginManage:310 - Check plugin rif
2025-04-25 02:06:09,221 [INFO] PluginManage:359 - Loaded plugin rif (category:base,tabindex:3)
2025-04-25 02:06:09,222 [INFO] PluginManage:310 - Check plugin thirdparty
2025-04-25 02:06:09,426 [INFO] PluginManage:359 - Loaded plugin thirdparty (category:base,tabindex:-1)
2025-04-25 02:06:09,425 [WARN] IntegrityCheckThread:84 - waiting for thirdparty lock release [integrity check]
2025-04-25 02:06:09,426 [INFO] PluginManage:310 - Check plugin tools
2025-04-25 02:06:09,426 [INFO] IntegrityCheckThread:86 - entering critical section [integrity check]
2025-04-25 02:06:09,426 [INFO] ThirdPartyUpdaterWithRetryManager:70 - Updater plugin not ready yet. [1/15]
2025-04-25 02:06:09,432 [INFO] PluginManage:359 - Loaded plugin tools (category:base,tabindex:7)
2025-04-25 02:06:09,432 [INFO] PluginManage:310 - Check plugin tutovideos
2025-04-25 02:06:09,702 [INFO] PluginManage:359 - Loaded plugin tutovideos (category:base,tabindex:-1)
2025-04-25 02:06:09,702 [INFO] PluginManage:310 - Check plugin updater
2025-04-25 02:06:09,727 [INFO] PluginManage:359 - Loaded plugin updater (category:base,tabindex:12)
2025-04-25 02:06:09,727 [INFO] PluginManage:310 - Check plugin userauth
2025-04-25 02:06:09,734 [INFO] UserAuth:118 - Init User Auth plugin
2025-04-25 02:06:09,735 [INFO] PluginManage:359 - Loaded plugin userauth (category:base,tabindex:14)
2025-04-25 02:06:09,736 [INFO] PluginManage:283 - PluginManage : Loaded plugins [18]
2025-04-25 02:06:10,032 [INFO] PinOutPanel:1589 - setPackage(No Configuration,No Configuration)
2025-04-25 02:06:10,153 [INFO] CADModel:165 - CPN selected for project level
2025-04-25 02:06:10,153 [INFO] CADModel:114 - Register for checkConnection events
2025-04-25 02:06:10,185 [INFO] IPUIPlugin:80 - create IPUIPlugin
2025-04-25 02:06:10,186 [INFO] PluginManager:220 - loadIPPluginJar : add adc
2025-04-25 02:06:10,190 [INFO] IPUIPlugin:80 - create IPUIPlugin
2025-04-25 02:06:10,190 [INFO] PluginManager:220 - loadIPPluginJar : add aes
2025-04-25 02:06:10,196 [INFO] IPUIPlugin:80 - create IPUIPlugin
2025-04-25 02:06:10,196 [INFO] PluginManager:220 - loadIPPluginJar : add can
2025-04-25 02:06:10,200 [INFO] IPUIPlugin:80 - create IPUIPlugin
2025-04-25 02:06:10,200 [INFO] PluginManager:220 - loadIPPluginJar : add comp
2025-04-25 02:06:10,204 [INFO] IPUIPlugin:80 - create IPUIPlugin
2025-04-25 02:06:10,205 [INFO] PluginManager:220 - loadIPPluginJar : add cryp
2025-04-25 02:06:10,210 [INFO] IPUIPlugin:80 - create IPUIPlugin
2025-04-25 02:06:10,210 [INFO] PluginManager:220 - loadIPPluginJar : add ddr_ctrl_phy
2025-04-25 02:06:10,214 [INFO] IPUIPlugin:80 - create IPUIPlugin
2025-04-25 02:06:10,214 [INFO] PluginManager:220 - loadIPPluginJar : add dfsdm
2025-04-25 02:06:10,222 [INFO] IPUIPlugin:80 - create IPUIPlugin
2025-04-25 02:06:10,223 [INFO] PluginManager:220 - loadIPPluginJar : add dma
2025-04-25 02:06:10,228 [INFO] IPUIPlugin:80 - create IPUIPlugin
2025-04-25 02:06:10,229 [INFO] PluginManager:220 - loadIPPluginJar : add dma3
2025-04-25 02:06:10,234 [INFO] IPUIPlugin:80 - create IPUIPlugin
2025-04-25 02:06:10,234 [INFO] PluginManager:220 - loadIPPluginJar : add extmemmanager
2025-04-25 02:06:10,236 [INFO] IPUIPlugin:80 - create IPUIPlugin
2025-04-25 02:06:10,237 [INFO] PluginManager:220 - loadIPPluginJar : add fatfs
2025-04-25 02:06:10,243 [INFO] IPUIPlugin:80 - create IPUIPlugin
2025-04-25 02:06:10,244 [INFO] PluginManager:220 - loadIPPluginJar : add fmc
2025-04-25 02:06:10,253 [INFO] IPUIPlugin:80 - create IPUIPlugin
2025-04-25 02:06:10,253 [INFO] PluginManager:220 - loadIPPluginJar : add freertos
2025-04-25 02:06:10,256 [INFO] IPUIPlugin:80 - create IPUIPlugin
2025-04-25 02:06:10,256 [INFO] PluginManager:220 - loadIPPluginJar : add genericplugin
2025-04-25 02:06:10,260 [INFO] IPUIPlugin:80 - create IPUIPlugin
2025-04-25 02:06:10,260 [INFO] PluginManager:220 - loadIPPluginJar : add gfxmmu
2025-04-25 02:06:10,271 [INFO] IPUIPlugin:80 - create IPUIPlugin
2025-04-25 02:06:10,272 [INFO] PluginManager:220 - loadIPPluginJar : add gic
2025-04-25 02:06:10,280 [INFO] IPUIPlugin:80 - create IPUIPlugin
2025-04-25 02:06:10,282 [INFO] PluginManager:220 - loadIPPluginJar : add gpio
2025-04-25 02:06:10,288 [INFO] IPUIPlugin:80 - create IPUIPlugin
2025-04-25 02:06:10,289 [INFO] PluginManager:220 - loadIPPluginJar : add gtzc
2025-04-25 02:06:10,293 [INFO] IPUIPlugin:80 - create IPUIPlugin
2025-04-25 02:06:10,294 [INFO] PluginManager:220 - loadIPPluginJar : add hash
2025-04-25 02:06:10,302 [INFO] IPUIPlugin:80 - create IPUIPlugin
2025-04-25 02:06:10,302 [INFO] PluginManager:220 - loadIPPluginJar : add i2c
2025-04-25 02:06:10,308 [INFO] IPUIPlugin:80 - create IPUIPlugin
2025-04-25 02:06:10,308 [INFO] PluginManager:220 - loadIPPluginJar : add i2s
2025-04-25 02:06:10,315 [INFO] IPUIPlugin:80 - create IPUIPlugin
2025-04-25 02:06:10,315 [INFO] PluginManager:220 - loadIPPluginJar : add i3c
2025-04-25 02:06:10,322 [INFO] IPUIPlugin:80 - create IPUIPlugin
2025-04-25 02:06:10,322 [INFO] PluginManager:220 - loadIPPluginJar : add ipddr
2025-04-25 02:06:10,335 [INFO] IPUIPlugin:80 - create IPUIPlugin
2025-04-25 02:06:10,335 [INFO] PluginManager:220 - loadIPPluginJar : add linkedlist
2025-04-25 02:06:10,340 [INFO] IPUIPlugin:80 - create IPUIPlugin
2025-04-25 02:06:10,340 [INFO] PluginManager:220 - loadIPPluginJar : add lorawan
2025-04-25 02:06:10,343 [INFO] IPUIPlugin:80 - create IPUIPlugin
2025-04-25 02:06:10,344 [INFO] PluginManager:220 - loadIPPluginJar : add ltdc
2025-04-25 02:06:10,354 [INFO] IPUIPlugin:80 - create IPUIPlugin
2025-04-25 02:06:10,354 [INFO] PluginManager:220 - loadIPPluginJar : add mdma
2025-04-25 02:06:10,360 [INFO] IPUIPlugin:80 - create IPUIPlugin
2025-04-25 02:06:10,360 [INFO] PluginManager:220 - loadIPPluginJar : add nvic
2025-04-25 02:06:10,367 [INFO] IPUIPlugin:80 - create IPUIPlugin
2025-04-25 02:06:10,368 [INFO] PluginManager:220 - loadIPPluginJar : add opamp
2025-04-25 02:06:10,378 [INFO] IPUIPlugin:80 - create IPUIPlugin
2025-04-25 02:06:10,378 [INFO] PluginManager:220 - loadIPPluginJar : add openamp
2025-04-25 02:06:10,385 [INFO] IPUIPlugin:80 - create IPUIPlugin
2025-04-25 02:06:10,385 [INFO] PluginManager:220 - loadIPPluginJar : add pdm2pcm
2025-04-25 02:06:10,393 [INFO] IPUIPlugin:80 - create IPUIPlugin
2025-04-25 02:06:10,396 [INFO] PluginManager:220 - loadIPPluginJar : add plateformsettings
2025-04-25 02:06:10,400 [INFO] IPUIPlugin:80 - create IPUIPlugin
2025-04-25 02:06:10,401 [INFO] PluginManager:220 - loadIPPluginJar : add quadspi
2025-04-25 02:06:10,403 [INFO] IPUIPlugin:80 - create IPUIPlugin
2025-04-25 02:06:10,404 [INFO] PluginManager:220 - loadIPPluginJar : add radio
2025-04-25 02:06:10,410 [INFO] IPUIPlugin:80 - create IPUIPlugin
2025-04-25 02:06:10,410 [INFO] PluginManager:220 - loadIPPluginJar : add resmgrutility
2025-04-25 02:06:10,417 [INFO] IPUIPlugin:80 - create IPUIPlugin
2025-04-25 02:06:10,417 [INFO] PluginManager:220 - loadIPPluginJar : add sai
2025-04-25 02:06:10,422 [INFO] IPUIPlugin:80 - create IPUIPlugin
2025-04-25 02:06:10,422 [INFO] PluginManager:220 - loadIPPluginJar : add spi
2025-04-25 02:06:10,433 [INFO] IPUIPlugin:80 - create IPUIPlugin
2025-04-25 02:06:10,433 [INFO] PluginManager:220 - loadIPPluginJar : add stm32_wpan
2025-04-25 02:06:10,436 [INFO] IPUIPlugin:80 - create IPUIPlugin
2025-04-25 02:06:10,437 [INFO] PluginManager:220 - loadIPPluginJar : add tim
2025-04-25 02:06:10,441 [INFO] IPUIPlugin:80 - create IPUIPlugin
2025-04-25 02:06:10,441 [INFO] PluginManager:220 - loadIPPluginJar : add touchsensing
2025-04-25 02:06:10,444 [INFO] IPUIPlugin:80 - create IPUIPlugin
2025-04-25 02:06:10,445 [INFO] PluginManager:220 - loadIPPluginJar : add tracer_emb
2025-04-25 02:06:10,451 [INFO] IPUIPlugin:80 - create IPUIPlugin
2025-04-25 02:06:10,451 [INFO] PluginManager:220 - loadIPPluginJar : add ts
2025-04-25 02:06:10,454 [INFO] IPUIPlugin:80 - create IPUIPlugin
2025-04-25 02:06:10,455 [INFO] PluginManager:220 - loadIPPluginJar : add tsc
2025-04-25 02:06:10,459 [INFO] IPUIPlugin:80 - create IPUIPlugin
2025-04-25 02:06:10,459 [INFO] PluginManager:220 - loadIPPluginJar : add ucpd
2025-04-25 02:06:10,465 [INFO] IPUIPlugin:80 - create IPUIPlugin
2025-04-25 02:06:10,465 [INFO] PluginManager:220 - loadIPPluginJar : add usart
2025-04-25 02:06:10,473 [INFO] IPUIPlugin:80 - create IPUIPlugin
2025-04-25 02:06:10,474 [INFO] PluginManager:220 - loadIPPluginJar : add usbx
2025-04-25 02:06:10,623 [FATAL] Updater:351 - Updater called before beeing initialized
2025-04-25 02:06:10,654 [INFO] RulesReader:64 - Compatibility file has been processed (301 Rules)
2025-04-25 02:06:10,668 [INFO] RulesReader:64 - Compatibility file has been processed (301 Rules)
2025-04-25 02:06:10,685 [INFO] CADModel:165 - CPN selected for project level
2025-04-25 02:06:10,685 [INFO] CADModel:114 - Register for checkConnection events
2025-04-25 02:06:10,685 [FATAL] Updater:351 - Updater called before beeing initialized
2025-04-25 02:06:10,685 [ERROR] CADModel:125 - Updater not yet initialized, retry later 
2025-04-25 02:06:10,880 [FATAL] Updater:351 - Updater called before beeing initialized
2025-04-25 02:06:10,884 [INFO] CADModel:165 - CPN selected for project level
2025-04-25 02:06:10,884 [INFO] CADModel:114 - Register for checkConnection events
2025-04-25 02:06:10,885 [FATAL] Updater:351 - Updater called before beeing initialized
2025-04-25 02:06:10,885 [ERROR] CADModel:125 - Updater not yet initialized, retry later 
2025-04-25 02:06:10,889 [FATAL] Updater:351 - Updater called before beeing initialized
2025-04-25 02:06:11,055 [FATAL] Updater:351 - Updater called before beeing initialized
2025-04-25 02:06:11,061 [INFO] DbMcusAds:53 - JSON generation date=Thu Mar 06 09:54:22 EST 2025 (1741272862204)
2025-04-25 02:06:11,061 [FATAL] Updater:351 - Updater called before beeing initialized
2025-04-25 02:06:11,110 [WARN] DetailPanel:346 - Failed to get advertising image, set to default
2025-04-25 02:06:11,375 [FATAL] Updater:351 - Updater called before beeing initialized
2025-04-25 02:06:11,377 [FATAL] Updater:351 - Updater called before beeing initialized
2025-04-25 02:06:11,377 [FATAL] Updater:351 - Updater called before beeing initialized
2025-04-25 02:06:11,378 [WARN] DetailPanel:346 - Failed to get advertising image, set to default
2025-04-25 02:06:11,379 [FATAL] Updater:351 - Updater called before beeing initialized
2025-04-25 02:06:11,453 [ERROR] Updater:1198 - MainUpdater not yet initialized. External WinMGr cannot be set.
2025-04-25 02:06:11,455 [INFO] Updater:1134 - Updater Version found : 6.14.0
2025-04-25 02:06:11,486 [INFO] ApplicationProperties:184 - Using Application install path: C:\ST\STM32CubeIDE_1.18.0\STM32CubeIDE\plugins\com.st.stm32cube.common.mx_6.14.0.202502271554
2025-04-25 02:06:12,430 [INFO] ThirdPartyUpdaterWithRetryManager:70 - Updater plugin not ready yet. [2/15]
2025-04-25 02:06:13,084 [ERROR] LogOutputStream:75 - [STDERR_REDIRECT] Apr 25, 2025 2:06:13 AM java.util.prefs.WindowsPreferences <init>
2025-04-25 02:06:13,086 [ERROR] LogOutputStream:75 - [STDERR_REDIRECT] WARNING: Could not open/create prefs root node Software\JavaSoft\Prefs at root 0xffffffff80000002. Windows RegCreateKeyEx(...) returned error code 5.
2025-04-25 02:06:13,086 [ERROR] LogOutputStream:75 - [STDERR_REDIRECT] 
2025-04-25 02:06:13,512 [INFO] MainUpdater:2872 - connection check result : 10
2025-04-25 02:06:13,514 [INFO] MainUpdater:289 - Updater Check For Update Now.
2025-04-25 02:06:13,514 [INFO] MicroXplorer:498 - Change Database Version : DB.6.0.140
2025-04-25 02:06:13,524 [INFO] McuFinderGlobals:63 - Set McuFinder mode to 2 (CubeIDE integrated)
2025-04-25 02:06:13,525 [INFO] UserAuth:486 - Internet connection configuration mode: 1
2025-04-25 02:06:13,585 [INFO] JxBrowserEngine:152 - Initiate JxBrowser Engine with user profile folder
2025-04-25 02:06:13,762 [INFO] CheckServerUpdateThread:120 - End of CheckServer Thread
2025-04-25 02:06:15,212 [INFO] WebApp:169 - Instantiating new browser for Auth
2025-04-25 02:06:16,336 [WARN] PackLoader:240 - Cannot read IP mode file for STMicroelectronics.FP-SNS-MOTENVWB1.1.4.0
2025-04-25 02:06:16,354 [WARN] PackLoader:240 - Cannot read IP mode file for STMicroelectronics.FP-ATR-ASTRA1.2.0.2
2025-04-25 02:06:16,380 [WARN] PackLoader:240 - Cannot read IP mode file for STMicroelectronics.X-CUBE-SMBUS.2.1.0
2025-04-25 02:06:16,399 [WARN] PackLoader:240 - Cannot read IP mode file for STMicroelectronics.X-CUBE-WB05N.1.1.0
2025-04-25 02:06:16,490 [WARN] PackLoader:240 - Cannot read IP mode file for STMicroelectronics.X-CUBE-AZRTOS-F7.1.1.0
2025-04-25 02:06:16,638 [WARN] PackLoader:240 - Cannot read IP mode file for Infineon.AIROC-Wi-Fi-Bluetooth-STM32.1.7.0
2025-04-25 02:06:16,762 [WARN] PackLoader:240 - Cannot read IP mode file for STMicroelectronics.X-CUBE-DISPLAY.3.0.0
2025-04-25 02:06:16,841 [WARN] PackLoader:240 - Cannot read IP mode file for STMicroelectronics.X-CUBE-NFC10.1.0.0
2025-04-25 02:06:16,873 [WARN] PackLoader:240 - Cannot read IP mode file for STMicroelectronics.X-CUBE-BLEMGR.4.0.0
2025-04-25 02:06:17,020 [WARN] PackLoader:240 - Cannot read IP mode file for emotas.I-CUBE-CANOPEN.1.3.0
2025-04-25 02:06:17,042 [WARN] ConditionMgr:438 - getConditionDescription Invalid condition id : Cortex-A Device cause : null
2025-04-25 02:06:17,104 [WARN] ConditionMgr:1044 - genDependencies : Invalid condition id : Cortex-A Device cause : null
2025-04-25 02:06:17,104 [WARN] ConditionMgr:1044 - genDependencies : Invalid condition id : Cortex-A Device cause : null
2025-04-25 02:06:17,104 [WARN] ConditionMgr:1044 - genDependencies : Invalid condition id : Cortex-A Device cause : null
2025-04-25 02:06:17,116 [WARN] PackLoader:240 - Cannot read IP mode file for STMicroelectronics.X-CUBE-AI.10.0.0
2025-04-25 02:06:17,122 [INFO] WebApp:463 - Apply proxy settings
2025-04-25 02:06:17,123 [INFO] WebApp:548 - Chromium requires no authentication
2025-04-25 02:06:17,140 [WARN] PackLoader:240 - Cannot read IP mode file for STMicroelectronics.FP-SNS-SMARTAG2.1.2.0
2025-04-25 02:06:17,154 [WARN] PackLoader:240 - Cannot read IP mode file for STMicroelectronics.FP-SNS-FLIGHT1.5.1.0
2025-04-25 02:06:17,177 [INFO] WebApp:491 - Direct internet connection detected
2025-04-25 02:06:17,275 [INFO] WebApp:894 - Register for checkConnection events
2025-04-25 02:06:17,276 [INFO] WebApp:463 - Apply proxy settings
2025-04-25 02:06:17,277 [INFO] WebApp:548 - Chromium requires no authentication
2025-04-25 02:06:17,282 [INFO] WebApp:491 - Direct internet connection detected
2025-04-25 02:06:17,357 [WARN] PackLoader:240 - Cannot read IP mode file for STMicroelectronics.X-CUBE-MEMS1.11.1.0
2025-04-25 02:06:17,765 [INFO] WebApp:191 - Connection restablished
2025-04-25 02:06:18,045 [INFO] LogOutputStream:77 - [STDOUT_REDIRECT] 1 : Invalid condition id : UX_CORESTACK_Condition cause : null
2025-04-25 02:06:18,047 [INFO] LogOutputStream:77 - [STDOUT_REDIRECT] 1 : Invalid condition id : UX_CORESTACK_Condition cause : null
2025-04-25 02:06:18,051 [INFO] LogOutputStream:77 - [STDOUT_REDIRECT] 1 : Invalid condition id : UX_CORESTACK_Condition cause : null
2025-04-25 02:06:18,054 [INFO] LogOutputStream:77 - [STDOUT_REDIRECT] 1 : Invalid condition id : UX_CORESTACK_Condition cause : null
2025-04-25 02:06:18,057 [INFO] LogOutputStream:77 - [STDOUT_REDIRECT] 1 : Invalid condition id : UX_CORESTACK_Condition cause : null
2025-04-25 02:06:18,063 [WARN] PackLoader:240 - Cannot read IP mode file for STMicroelectronics.X-CUBE-AZRTOS-WL.2.0.0
2025-04-25 02:06:18,111 [WARN] PackLoader:240 - Cannot read IP mode file for STMicroelectronics.FP-SNS-MOTENV1.5.0.0
2025-04-25 02:06:18,149 [WARN] PackLoader:240 - Cannot read IP mode file for WES.I-CUBE-Cesium.1.3.0
2025-04-25 02:06:18,203 [WARN] PackLoader:240 - Cannot read IP mode file for STMicroelectronics.X-CUBE-BLE2.3.3.0
2025-04-25 02:06:18,224 [WARN] PackLoader:240 - Cannot read IP mode file for STMicroelectronics.X-CUBE-NFC9.1.0.0
2025-04-25 02:06:18,254 [WARN] PackLoader:240 - Cannot read IP mode file for STMicroelectronics.X-CUBE-BLE1.7.1.0
2025-04-25 02:06:18,267 [WARN] PackLoader:240 - Cannot read IP mode file for wolfSSL.I-CUBE-wolfMQTT.1.19.2
2025-04-25 02:06:18,372 [INFO] WebApp:225 - Starting web application
2025-04-25 02:06:18,372 [INFO] WebApp:593 - Web application path used C:\ST\STM32CubeIDE_1.18.0\STM32CubeIDE\plugins\com.st.stm32cube.common.mx_6.14.0.202502271554\db\plugins\mcufinder\reactClient1\index.html
2025-04-25 02:06:18,416 [WARN] PackLoader:240 - Cannot read IP mode file for STMicroelectronics.X-CUBE-MEMS1.11.2.0
2025-04-25 02:06:18,832 [WARN] PackLoader:240 - Cannot read IP mode file for STMicroelectronics.X-CUBE-AZRTOS-G0.1.1.0
2025-04-25 02:06:18,863 [WARN] PackLoader:240 - Cannot read IP mode file for STMicroelectronics.X-CUBE-SAFEA1.1.2.2
2025-04-25 02:06:18,960 [WARN] PackLoader:240 - Cannot read IP mode file for STMicroelectronics.X-CUBE-NFC4.3.0.0
2025-04-25 02:06:18,982 [INFO] UserAuth:486 - Internet connection configuration mode: 1
2025-04-25 02:06:19,026 [WARN] PackLoader:240 - Cannot read IP mode file for EmbeddedOffice.I-CUBE-FS-RTOS.1.0.1
2025-04-25 02:06:19,110 [WARN] PackLoader:240 - Cannot read IP mode file for STMicroelectronics.X-CUBE-WB05N.2.0.0
2025-04-25 02:06:19,139 [WARN] PackLoader:240 - Cannot read IP mode file for wolfSSL.I-CUBE-wolfTPM.3.8.0
2025-04-25 02:06:19,167 [WARN] PackLoader:240 - Cannot read IP mode file for STMicroelectronics.X-CUBE-TCPP.4.2.0
2025-04-25 02:06:19,267 [WARN] PackLoader:240 - Cannot read IP mode file for RealThread.X-CUBE-RT-Thread_Nano.4.1.1
2025-04-25 02:06:19,284 [WARN] PackLoader:240 - Cannot read IP mode file for STMicroelectronics.FP-ATR-SIGFOX1.3.2.0
2025-04-25 02:06:19,314 [WARN] PackLoader:240 - Cannot read IP mode file for STMicroelectronics.X-CUBE-EEPRMA1.5.1.0
2025-04-25 02:06:19,332 [WARN] PackLoader:240 - Cannot read IP mode file for wolfSSL.I-CUBE-wolfSSL.5.7.6
2025-04-25 02:06:19,357 [WARN] PackLoader:240 - Cannot read IP mode file for ITTIA_DB.I-CUBE-ITTIADB.8.9.0
2025-04-25 02:06:19,476 [WARN] PackLoader:240 - Cannot read IP mode file for SEGGER.I-CUBE-embOS.1.3.1
2025-04-25 02:06:19,559 [WARN] PackLoader:240 - Cannot read IP mode file for STMicroelectronics.X-CUBE-ALGOBUILD.1.4.0
2025-04-25 02:06:19,593 [WARN] PackLoader:240 - Cannot read IP mode file for STMicroelectronics.X-CUBE-AZRTOS-F4.1.1.0
2025-04-25 02:06:19,622 [WARN] PackLoader:240 - Cannot read IP mode file for STMicroelectronics.X-CUBE-ISPU.2.1.0
2025-04-25 02:06:19,690 [WARN] PackLoader:240 - Cannot read IP mode file for STMicroelectronics.X-CUBE-AZRTOS-L5.2.0.0
2025-04-25 02:06:20,008 [WARN] PackLoader:240 - Cannot read IP mode file for STMicroelectronics.X-CUBE-NFC6.3.1.0
2025-04-25 02:06:20,032 [WARN] PackLoader:240 - Cannot read IP mode file for STMicroelectronics.X-CUBE-FREERTOS.1.3.0
2025-04-25 02:06:20,053 [WARN] PackLoader:240 - Cannot read IP mode file for STMicroelectronics.X-CUBE-NFC7.1.0.1
2025-04-25 02:06:20,075 [WARN] PackLoader:240 - Cannot read IP mode file for STMicroelectronics.X-CUBE-DPower.1.3.0
2025-04-25 02:06:20,307 [WARN] ConditionMgr:438 - getConditionDescription Invalid condition id : LAN8742 Phy interface Condition cause : null
2025-04-25 02:06:20,312 [WARN] PackLoader:240 - Cannot read IP mode file for STMicroelectronics.X-CUBE-AZRTOS-L4.2.0.0
2025-04-25 02:06:20,319 [WARN] ConditionMgr:1044 - genDependencies : Invalid condition id : LAN8742 Phy interface Condition cause : null
2025-04-25 02:06:20,320 [WARN] ConditionMgr:1044 - genDependencies : Invalid condition id : LAN8742 Phy interface Condition cause : null
2025-04-25 02:06:20,321 [WARN] ConditionMgr:1044 - genDependencies : Invalid condition id : LAN8742 Phy interface Condition cause : null
2025-04-25 02:06:20,342 [WARN] PackLoader:240 - Cannot read IP mode file for STMicroelectronics.X-CUBE-SFXS2LP1.4.0.0
2025-04-25 02:06:20,413 [WARN] PackLoader:240 - Cannot read IP mode file for STMicroelectronics.X-CUBE-AZRTOS-H7.3.3.0
2025-04-25 02:06:20,493 [WARN] ConditionMgr:438 - getConditionDescription Invalid condition id : UX DEVICE CLASS RTOS Condition cause : null
2025-04-25 02:06:20,494 [WARN] ConditionMgr:438 - getConditionDescription Invalid condition id : UX DEVICE CLASS RTOS Condition cause : null
2025-04-25 02:06:20,504 [WARN] PackLoader:240 - Cannot read IP mode file for STMicroelectronics.X-CUBE-AZRTOS-WB.2.0.0
2025-04-25 02:06:20,505 [WARN] ConditionMgr:1044 - genDependencies : Invalid condition id : UX DEVICE CLASS RTOS Condition cause : null
2025-04-25 02:06:20,505 [WARN] ConditionMgr:1044 - genDependencies : Invalid condition id : UX DEVICE CLASS RTOS Condition cause : null
2025-04-25 02:06:20,506 [WARN] ConditionMgr:1044 - genDependencies : Invalid condition id : UX DEVICE CLASS RTOS Condition cause : null
2025-04-25 02:06:20,507 [WARN] ConditionMgr:1044 - genDependencies : Invalid condition id : UX DEVICE CLASS RTOS Condition cause : null
2025-04-25 02:06:20,507 [WARN] ConditionMgr:1044 - genDependencies : Invalid condition id : UX DEVICE CLASS RTOS Condition cause : null
2025-04-25 02:06:20,526 [WARN] PackLoader:240 - Cannot read IP mode file for STMicroelectronics.X-CUBE-GNSS1.7.0.1
2025-04-25 02:06:20,556 [WARN] PackLoader:240 - Cannot read IP mode file for STMicroelectronics.X-CUBE-TOUCHGFX.4.25.0
2025-04-25 02:06:20,577 [WARN] PackLoader:240 - Cannot read IP mode file for STMicroelectronics.FP-SNS-STBOX1.2.0.0
2025-04-25 02:06:20,628 [WARN] PackLoader:240 - Cannot read IP mode file for STMicroelectronics.X-CUBE-SUBG2.5.0.0
2025-04-25 02:06:20,670 [WARN] PackLoader:240 - Cannot read IP mode file for STMicroelectronics.X-CUBE-AZRTOS-H7RS.1.1.0
2025-04-25 02:06:20,687 [WARN] PackLoader:240 - Cannot read IP mode file for Cesanta.I-CUBE-Mongoose.7.13.0
2025-04-25 02:06:20,715 [WARN] PackLoader:240 - Cannot read IP mode file for STMicroelectronics.X-CUBE-AZRTOS-G4.2.0.0
2025-04-25 02:06:20,732 [WARN] PackLoader:240 - Cannot read IP mode file for wolfSSL.I-CUBE-wolfSSH.1.4.20
2025-04-25 02:06:20,755 [WARN] PackLoader:240 - Cannot read IP mode file for STMicroelectronics.X-CUBE-IPS.3.1.0
2025-04-25 02:06:20,777 [WARN] PackLoader:240 - Cannot read IP mode file for STMicroelectronics.X-CUBE-ALS.1.0.2
2025-04-25 02:06:20,799 [WARN] PackLoader:240 - Cannot read IP mode file for portGmbH.I-Cube-SoM-uGOAL.1.1.0
2025-04-25 02:06:20,827 [WARN] PackLoader:240 - Cannot read IP mode file for STMicroelectronics.X-CUBE-TOF1.3.4.2
2025-04-25 02:06:20,874 [WARN] PackLoader:240 - Cannot read IP mode file for STMicroelectronics.X-CUBE-TOF1.3.4.3
2025-04-25 02:06:20,891 [INFO] ThirdParty:978 - Integrity check success = true
2025-04-25 02:06:20,891 [INFO] IntegrityCheckThread:100 - exiting critical section [integrity check]
2025-04-25 02:06:20,891 [INFO] IntegrityCheckThread:103 - End integrity checks thread
2025-04-25 02:12:40,099 [ERROR] LogOutputStream:75 - [STDERR_REDIRECT] 
2025-04-25 02:12:40,101 [ERROR] LogOutputStream:75 - [STDERR_REDIRECT] 
2025-04-25 02:15:05,462 [INFO] Activator:176 - 


2025-04-25 02:15:05,467 [INFO] Activator:177 - !SESSION log4j initialized
2025-04-25 02:15:10,057 [INFO] LogOutputStream:77 - [STDOUT_REDIRECT] 
2025-04-25 02:15:22,259 [INFO] ApplicationProperties:184 - Using Application install path: C:\ST\STM32CubeIDE_1.18.0\STM32CubeIDE\plugins\com.st.stm32cube.common.mx_6.14.0.202502271554
2025-04-25 02:15:22,282 [INFO] DbMcusXml:78 - Set database path to: C:\ST\STM32CubeIDE_1.18.0\STM32CubeIDE\plugins\com.st.stm32cube.common.mx_6.14.0.202502271554\\db\/mcu/
2025-04-25 02:15:22,283 [INFO] ApiDb:274 - Set plugin database path to: C:\ST\STM32CubeIDE_1.18.0\STM32CubeIDE\plugins\com.st.stm32cube.common.mx_6.14.0.202502271554\\db\/plugins/boardmanager/
2025-04-25 02:15:22,283 [WARN] ApiDb:259 - Overriding images path with different value:  => C:\ST\STM32CubeIDE_1.18.0\STM32CubeIDE\plugins\com.st.stm32cube.common.mx_6.14.0.202502271554\\db\/plugins/mcufinder/images/
2025-04-25 02:15:22,292 [INFO] ApiDb:250 - Set database path to: C:\Users\kathe\.stmcufinder\plugins\mcufinder//mcu/
2025-04-25 02:15:22,293 [INFO] DbMcusAds:125 - Set database path to: C:\Users\kathe\.stmcufinder\plugins\mcufinder//mcu/
2025-04-25 02:15:22,297 [INFO] CrossReferenceDbSqlite:203 - Set database path to: C:\Users\kathe\.stmcufinder\plugins\mcufinder//mcu/cs/
2025-04-25 02:15:22,440 [INFO] RulesReader:64 - Compatibility file has been processed (301 Rules)
2025-04-25 02:15:22,539 [INFO] DbMcusXml:78 - Set database path to: C:\ST\STM32CubeIDE_1.18.0\STM32CubeIDE\plugins\com.st.stm32cube.common.mx_6.14.0.202502271554\\db\/mcu/
2025-04-25 02:15:22,539 [INFO] ApiDb:274 - Set plugin database path to: C:\ST\STM32CubeIDE_1.18.0\STM32CubeIDE\plugins\com.st.stm32cube.common.mx_6.14.0.202502271554\\db\/plugins/boardmanager/
2025-04-25 02:15:22,540 [INFO] ApiDb:261 - Set plugin images path to: C:\ST\STM32CubeIDE_1.18.0\STM32CubeIDE\plugins\com.st.stm32cube.common.mx_6.14.0.202502271554\\db\/plugins/mcufinder/images/
2025-04-25 02:15:22,540 [WARN] DbFile:41 - Overriding database path with different value: C:\Users\kathe\.stmcufinder\plugins\mcufinder/ => C:\Users\kathe\.stmcufinder\plugins\mcufinder
2025-04-25 02:15:22,540 [INFO] ApiDb:250 - Set database path to: C:\Users\kathe\.stmcufinder\plugins\mcufinder//mcu/
2025-04-25 02:15:22,540 [WARN] DbFile:41 - Overriding database path with different value: C:\Users\kathe\.stmcufinder\plugins\mcufinder/ => C:\Users\kathe\.stmcufinder\plugins\mcufinder
2025-04-25 02:15:22,540 [INFO] DbMcusAds:125 - Set database path to: C:\Users\kathe\.stmcufinder\plugins\mcufinder//mcu/
2025-04-25 02:15:22,540 [WARN] DbFile:41 - Overriding database path with different value: C:\Users\kathe\.stmcufinder\plugins\mcufinder/ => C:\Users\kathe\.stmcufinder\plugins\mcufinder
2025-04-25 02:15:22,540 [WARN] DbFile:41 - Overriding database path with different value: C:\Users\kathe\.stmcufinder\plugins\mcufinder/ => C:\Users\kathe\.stmcufinder\plugins\mcufinder
2025-04-25 02:15:22,540 [INFO] CrossReferenceDbSqlite:203 - Set database path to: C:\Users\kathe\.stmcufinder\plugins\mcufinder//mcu/cs/
2025-04-25 02:15:22,638 [INFO] MainPanel:272 - HeapMemory: 268435456
2025-04-25 02:15:22,746 [INFO] DbMcusXml:78 - Set database path to: C:\ST\STM32CubeIDE_1.18.0\STM32CubeIDE\plugins\com.st.stm32cube.common.mx_6.14.0.202502271554\\db\/mcu/
2025-04-25 02:15:22,747 [INFO] ApiDb:274 - Set plugin database path to: C:\ST\STM32CubeIDE_1.18.0\STM32CubeIDE\plugins\com.st.stm32cube.common.mx_6.14.0.202502271554\\db\/plugins/boardmanager/
2025-04-25 02:15:22,747 [INFO] ApiDb:261 - Set plugin images path to: C:\ST\STM32CubeIDE_1.18.0\STM32CubeIDE\plugins\com.st.stm32cube.common.mx_6.14.0.202502271554\\db\/plugins/mcufinder/images/
2025-04-25 02:15:22,748 [WARN] DbFile:41 - Overriding database path with different value: C:\Users\kathe\.stmcufinder\plugins\mcufinder/ => C:\Users\kathe\.stmcufinder\plugins\mcufinder
2025-04-25 02:15:22,749 [INFO] ApiDb:250 - Set database path to: C:\Users\kathe\.stmcufinder\plugins\mcufinder//mcu/
2025-04-25 02:15:22,749 [WARN] DbFile:41 - Overriding database path with different value: C:\Users\kathe\.stmcufinder\plugins\mcufinder/ => C:\Users\kathe\.stmcufinder\plugins\mcufinder
2025-04-25 02:15:22,749 [INFO] DbMcusAds:125 - Set database path to: C:\Users\kathe\.stmcufinder\plugins\mcufinder//mcu/
2025-04-25 02:15:22,749 [WARN] DbFile:41 - Overriding database path with different value: C:\Users\kathe\.stmcufinder\plugins\mcufinder/ => C:\Users\kathe\.stmcufinder\plugins\mcufinder
2025-04-25 02:15:22,749 [WARN] DbFile:41 - Overriding database path with different value: C:\Users\kathe\.stmcufinder\plugins\mcufinder/ => C:\Users\kathe\.stmcufinder\plugins\mcufinder
2025-04-25 02:15:22,749 [INFO] CrossReferenceDbSqlite:203 - Set database path to: C:\Users\kathe\.stmcufinder\plugins\mcufinder//mcu/cs/
2025-04-25 02:15:22,794 [INFO] ApplicationProperties:184 - Using Application install path: C:\ST\STM32CubeIDE_1.18.0\STM32CubeIDE\plugins\com.st.stm32cube.common.mx_6.14.0.202502271554
2025-04-25 02:15:22,797 [INFO] PluginManage:196 - Search for loadable plugins [exclusion list=, ]
2025-04-25 02:15:22,799 [INFO] PluginManage:310 - Check plugin analytics
2025-04-25 02:15:23,033 [INFO] AnalyticsPlugin:253 - Accepted Software Licenses: STM32CubeMX.6.14.0
2025-04-25 02:15:23,034 [INFO] AnalyticsPlugin:255 - Accepted CMSIS Pack Licenses: 
2025-04-25 02:15:23,034 [INFO] AnalyticsPlugin:257 - Accepted Firmware Licenses: FW.G4.1.6.0
2025-04-25 02:15:23,037 [INFO] PluginManage:359 - Loaded plugin analytics (category:tool,tabindex:-1)
2025-04-25 02:15:23,038 [INFO] PluginManage:310 - Check plugin cadmodel
2025-04-25 02:15:23,042 [INFO] CADModel:105 - Init CAD model plugin
2025-04-25 02:15:23,042 [INFO] PluginManage:359 - Loaded plugin cadmodel (category:power,tabindex:5)
2025-04-25 02:15:23,042 [INFO] PluginManage:310 - Check plugin clock
2025-04-25 02:15:23,052 [INFO] PluginManage:359 - Loaded plugin clock (category:base,tabindex:2)
2025-04-25 02:15:23,052 [INFO] PluginManage:310 - Check plugin ddr
2025-04-25 02:15:23,054 [INFO] PluginManage:359 - Loaded plugin ddr (category:tool,tabindex:6)
2025-04-25 02:15:23,055 [INFO] PluginManage:310 - Check plugin filemanager
2025-04-25 02:15:23,214 [INFO] PluginManage:359 - Loaded plugin filemanager (category:base,tabindex:10)
2025-04-25 02:15:23,214 [INFO] PluginManage:310 - Check plugin ipmanager
2025-04-25 02:15:23,223 [INFO] PluginManage:359 - Loaded plugin ipmanager (category:base,tabindex:5)
2025-04-25 02:15:23,223 [INFO] PluginManage:310 - Check plugin lpbam
2025-04-25 02:15:23,236 [INFO] PluginManage:359 - Loaded plugin lpbam (category:base,tabindex:0)
2025-04-25 02:15:23,236 [INFO] PluginManage:310 - Check plugin memorymap
2025-04-25 02:15:23,251 [INFO] PluginManage:359 - Loaded plugin memorymap (category:base,tabindex:4)
2025-04-25 02:15:23,251 [INFO] PluginManage:310 - Check plugin pinoutandconfiguration
2025-04-25 02:15:23,259 [INFO] PluginManage:359 - Loaded plugin pinoutandconfiguration (category:base,tabindex:1)
2025-04-25 02:15:23,260 [INFO] PluginManage:310 - Check plugin pinoutconfig
2025-04-25 02:15:23,371 [WARN] SupportedApi:132 - Cannot load RTOS API schema: s4s-elt-must-match.1: The content of 'definitions' must match (annotation?, (simpleType | complexType)?, (unique | key | keyref)*)). A problem was found starting at: attribute.
2025-04-25 02:15:23,530 [INFO] PluginManage:359 - Loaded plugin pinoutconfig (category:base,tabindex:0)
2025-04-25 02:15:23,530 [INFO] PluginManage:310 - Check plugin power
2025-04-25 02:15:23,541 [INFO] PluginManage:359 - Loaded plugin power (category:power,tabindex:4)
2025-04-25 02:15:23,541 [INFO] PluginManage:310 - Check plugin projectmanager
2025-04-25 02:15:23,560 [INFO] PluginManage:359 - Loaded plugin projectmanager (category:projectmanager,tabindex:4)
2025-04-25 02:15:23,560 [INFO] PluginManage:310 - Check plugin rif
2025-04-25 02:15:23,570 [INFO] PluginManage:359 - Loaded plugin rif (category:base,tabindex:3)
2025-04-25 02:15:23,571 [INFO] PluginManage:310 - Check plugin thirdparty
2025-04-25 02:15:23,734 [WARN] IntegrityCheckThread:84 - waiting for thirdparty lock release [integrity check]
2025-04-25 02:15:23,735 [INFO] PluginManage:359 - Loaded plugin thirdparty (category:base,tabindex:-1)
2025-04-25 02:15:23,735 [INFO] IntegrityCheckThread:86 - entering critical section [integrity check]
2025-04-25 02:15:23,735 [INFO] PluginManage:310 - Check plugin tools
2025-04-25 02:15:23,735 [INFO] ThirdPartyUpdaterWithRetryManager:70 - Updater plugin not ready yet. [1/15]
2025-04-25 02:15:23,738 [INFO] PluginManage:359 - Loaded plugin tools (category:base,tabindex:7)
2025-04-25 02:15:23,738 [INFO] PluginManage:310 - Check plugin tutovideos
2025-04-25 02:15:23,937 [INFO] PluginManage:359 - Loaded plugin tutovideos (category:base,tabindex:-1)
2025-04-25 02:15:23,937 [INFO] PluginManage:310 - Check plugin updater
2025-04-25 02:15:23,962 [INFO] PluginManage:359 - Loaded plugin updater (category:base,tabindex:12)
2025-04-25 02:15:23,963 [INFO] PluginManage:310 - Check plugin userauth
2025-04-25 02:15:23,971 [INFO] UserAuth:118 - Init User Auth plugin
2025-04-25 02:15:23,972 [INFO] PluginManage:359 - Loaded plugin userauth (category:base,tabindex:14)
2025-04-25 02:15:23,973 [INFO] PluginManage:283 - PluginManage : Loaded plugins [18]
2025-04-25 02:15:24,207 [INFO] PinOutPanel:1589 - setPackage(No Configuration,No Configuration)
2025-04-25 02:15:24,306 [INFO] CADModel:165 - CPN selected for project level
2025-04-25 02:15:24,306 [INFO] CADModel:114 - Register for checkConnection events
2025-04-25 02:15:24,328 [INFO] IPUIPlugin:80 - create IPUIPlugin
2025-04-25 02:15:24,328 [INFO] PluginManager:220 - loadIPPluginJar : add adc
2025-04-25 02:15:24,334 [INFO] IPUIPlugin:80 - create IPUIPlugin
2025-04-25 02:15:24,335 [INFO] PluginManager:220 - loadIPPluginJar : add aes
2025-04-25 02:15:24,338 [INFO] IPUIPlugin:80 - create IPUIPlugin
2025-04-25 02:15:24,338 [INFO] PluginManager:220 - loadIPPluginJar : add can
2025-04-25 02:15:24,340 [INFO] IPUIPlugin:80 - create IPUIPlugin
2025-04-25 02:15:24,341 [INFO] PluginManager:220 - loadIPPluginJar : add comp
2025-04-25 02:15:24,344 [INFO] IPUIPlugin:80 - create IPUIPlugin
2025-04-25 02:15:24,344 [INFO] PluginManager:220 - loadIPPluginJar : add cryp
2025-04-25 02:15:24,350 [INFO] IPUIPlugin:80 - create IPUIPlugin
2025-04-25 02:15:24,350 [INFO] PluginManager:220 - loadIPPluginJar : add ddr_ctrl_phy
2025-04-25 02:15:24,354 [INFO] IPUIPlugin:80 - create IPUIPlugin
2025-04-25 02:15:24,354 [INFO] PluginManager:220 - loadIPPluginJar : add dfsdm
2025-04-25 02:15:24,362 [INFO] IPUIPlugin:80 - create IPUIPlugin
2025-04-25 02:15:24,364 [INFO] PluginManager:220 - loadIPPluginJar : add dma
2025-04-25 02:15:24,370 [INFO] IPUIPlugin:80 - create IPUIPlugin
2025-04-25 02:15:24,370 [INFO] PluginManager:220 - loadIPPluginJar : add dma3
2025-04-25 02:15:24,374 [INFO] IPUIPlugin:80 - create IPUIPlugin
2025-04-25 02:15:24,374 [INFO] PluginManager:220 - loadIPPluginJar : add extmemmanager
2025-04-25 02:15:24,376 [INFO] IPUIPlugin:80 - create IPUIPlugin
2025-04-25 02:15:24,376 [INFO] PluginManager:220 - loadIPPluginJar : add fatfs
2025-04-25 02:15:24,385 [INFO] IPUIPlugin:80 - create IPUIPlugin
2025-04-25 02:15:24,385 [INFO] PluginManager:220 - loadIPPluginJar : add fmc
2025-04-25 02:15:24,391 [INFO] IPUIPlugin:80 - create IPUIPlugin
2025-04-25 02:15:24,391 [INFO] PluginManager:220 - loadIPPluginJar : add freertos
2025-04-25 02:15:24,392 [INFO] IPUIPlugin:80 - create IPUIPlugin
2025-04-25 02:15:24,392 [INFO] PluginManager:220 - loadIPPluginJar : add genericplugin
2025-04-25 02:15:24,397 [INFO] IPUIPlugin:80 - create IPUIPlugin
2025-04-25 02:15:24,398 [INFO] PluginManager:220 - loadIPPluginJar : add gfxmmu
2025-04-25 02:15:24,403 [INFO] IPUIPlugin:80 - create IPUIPlugin
2025-04-25 02:15:24,404 [INFO] PluginManager:220 - loadIPPluginJar : add gic
2025-04-25 02:15:24,408 [INFO] IPUIPlugin:80 - create IPUIPlugin
2025-04-25 02:15:24,409 [INFO] PluginManager:220 - loadIPPluginJar : add gpio
2025-04-25 02:15:24,413 [INFO] IPUIPlugin:80 - create IPUIPlugin
2025-04-25 02:15:24,413 [INFO] PluginManager:220 - loadIPPluginJar : add gtzc
2025-04-25 02:15:24,418 [INFO] IPUIPlugin:80 - create IPUIPlugin
2025-04-25 02:15:24,418 [INFO] PluginManager:220 - loadIPPluginJar : add hash
2025-04-25 02:15:24,424 [INFO] IPUIPlugin:80 - create IPUIPlugin
2025-04-25 02:15:24,424 [INFO] PluginManager:220 - loadIPPluginJar : add i2c
2025-04-25 02:15:24,427 [INFO] IPUIPlugin:80 - create IPUIPlugin
2025-04-25 02:15:24,428 [INFO] PluginManager:220 - loadIPPluginJar : add i2s
2025-04-25 02:15:24,434 [INFO] IPUIPlugin:80 - create IPUIPlugin
2025-04-25 02:15:24,434 [INFO] PluginManager:220 - loadIPPluginJar : add i3c
2025-04-25 02:15:24,438 [INFO] IPUIPlugin:80 - create IPUIPlugin
2025-04-25 02:15:24,439 [INFO] PluginManager:220 - loadIPPluginJar : add ipddr
2025-04-25 02:15:24,447 [INFO] IPUIPlugin:80 - create IPUIPlugin
2025-04-25 02:15:24,448 [INFO] PluginManager:220 - loadIPPluginJar : add linkedlist
2025-04-25 02:15:24,454 [INFO] IPUIPlugin:80 - create IPUIPlugin
2025-04-25 02:15:24,454 [INFO] PluginManager:220 - loadIPPluginJar : add lorawan
2025-04-25 02:15:24,457 [INFO] IPUIPlugin:80 - create IPUIPlugin
2025-04-25 02:15:24,457 [INFO] PluginManager:220 - loadIPPluginJar : add ltdc
2025-04-25 02:15:24,467 [INFO] IPUIPlugin:80 - create IPUIPlugin
2025-04-25 02:15:24,468 [INFO] PluginManager:220 - loadIPPluginJar : add mdma
2025-04-25 02:15:24,473 [INFO] IPUIPlugin:80 - create IPUIPlugin
2025-04-25 02:15:24,473 [INFO] PluginManager:220 - loadIPPluginJar : add nvic
2025-04-25 02:15:24,478 [INFO] IPUIPlugin:80 - create IPUIPlugin
2025-04-25 02:15:24,478 [INFO] PluginManager:220 - loadIPPluginJar : add opamp
2025-04-25 02:15:24,485 [INFO] IPUIPlugin:80 - create IPUIPlugin
2025-04-25 02:15:24,486 [INFO] PluginManager:220 - loadIPPluginJar : add openamp
2025-04-25 02:15:24,490 [INFO] IPUIPlugin:80 - create IPUIPlugin
2025-04-25 02:15:24,490 [INFO] PluginManager:220 - loadIPPluginJar : add pdm2pcm
2025-04-25 02:15:24,500 [INFO] IPUIPlugin:80 - create IPUIPlugin
2025-04-25 02:15:24,502 [INFO] PluginManager:220 - loadIPPluginJar : add plateformsettings
2025-04-25 02:15:24,505 [INFO] IPUIPlugin:80 - create IPUIPlugin
2025-04-25 02:15:24,505 [INFO] PluginManager:220 - loadIPPluginJar : add quadspi
2025-04-25 02:15:24,507 [INFO] IPUIPlugin:80 - create IPUIPlugin
2025-04-25 02:15:24,509 [INFO] PluginManager:220 - loadIPPluginJar : add radio
2025-04-25 02:15:24,516 [INFO] IPUIPlugin:80 - create IPUIPlugin
2025-04-25 02:15:24,516 [INFO] PluginManager:220 - loadIPPluginJar : add resmgrutility
2025-04-25 02:15:24,522 [INFO] IPUIPlugin:80 - create IPUIPlugin
2025-04-25 02:15:24,522 [INFO] PluginManager:220 - loadIPPluginJar : add sai
2025-04-25 02:15:24,524 [INFO] IPUIPlugin:80 - create IPUIPlugin
2025-04-25 02:15:24,524 [INFO] PluginManager:220 - loadIPPluginJar : add spi
2025-04-25 02:15:24,535 [INFO] IPUIPlugin:80 - create IPUIPlugin
2025-04-25 02:15:24,535 [INFO] PluginManager:220 - loadIPPluginJar : add stm32_wpan
2025-04-25 02:15:24,537 [INFO] IPUIPlugin:80 - create IPUIPlugin
2025-04-25 02:15:24,537 [INFO] PluginManager:220 - loadIPPluginJar : add tim
2025-04-25 02:15:24,541 [INFO] IPUIPlugin:80 - create IPUIPlugin
2025-04-25 02:15:24,542 [INFO] PluginManager:220 - loadIPPluginJar : add touchsensing
2025-04-25 02:15:24,545 [INFO] IPUIPlugin:80 - create IPUIPlugin
2025-04-25 02:15:24,545 [INFO] PluginManager:220 - loadIPPluginJar : add tracer_emb
2025-04-25 02:15:24,550 [INFO] IPUIPlugin:80 - create IPUIPlugin
2025-04-25 02:15:24,551 [INFO] PluginManager:220 - loadIPPluginJar : add ts
2025-04-25 02:15:24,554 [INFO] IPUIPlugin:80 - create IPUIPlugin
2025-04-25 02:15:24,554 [INFO] PluginManager:220 - loadIPPluginJar : add tsc
2025-04-25 02:15:24,558 [INFO] IPUIPlugin:80 - create IPUIPlugin
2025-04-25 02:15:24,558 [INFO] PluginManager:220 - loadIPPluginJar : add ucpd
2025-04-25 02:15:24,562 [INFO] IPUIPlugin:80 - create IPUIPlugin
2025-04-25 02:15:24,562 [INFO] PluginManager:220 - loadIPPluginJar : add usart
2025-04-25 02:15:24,569 [INFO] IPUIPlugin:80 - create IPUIPlugin
2025-04-25 02:15:24,569 [INFO] PluginManager:220 - loadIPPluginJar : add usbx
2025-04-25 02:15:24,705 [FATAL] Updater:351 - Updater called before beeing initialized
2025-04-25 02:15:24,745 [INFO] RulesReader:64 - Compatibility file has been processed (301 Rules)
2025-04-25 02:15:24,758 [INFO] RulesReader:64 - Compatibility file has been processed (301 Rules)
2025-04-25 02:15:24,769 [INFO] CADModel:165 - CPN selected for project level
2025-04-25 02:15:24,769 [INFO] CADModel:114 - Register for checkConnection events
2025-04-25 02:15:24,770 [FATAL] Updater:351 - Updater called before beeing initialized
2025-04-25 02:15:24,770 [ERROR] CADModel:125 - Updater not yet initialized, retry later 
2025-04-25 02:15:24,916 [FATAL] Updater:351 - Updater called before beeing initialized
2025-04-25 02:15:24,919 [INFO] CADModel:165 - CPN selected for project level
2025-04-25 02:15:24,919 [INFO] CADModel:114 - Register for checkConnection events
2025-04-25 02:15:24,919 [FATAL] Updater:351 - Updater called before beeing initialized
2025-04-25 02:15:24,919 [ERROR] CADModel:125 - Updater not yet initialized, retry later 
2025-04-25 02:15:24,922 [FATAL] Updater:351 - Updater called before beeing initialized
2025-04-25 02:15:25,059 [FATAL] Updater:351 - Updater called before beeing initialized
2025-04-25 02:15:25,064 [INFO] DbMcusAds:53 - JSON generation date=Thu Mar 06 09:54:22 EST 2025 (1741272862204)
2025-04-25 02:15:25,065 [FATAL] Updater:351 - Updater called before beeing initialized
2025-04-25 02:15:25,102 [WARN] DetailPanel:346 - Failed to get advertising image, set to default
2025-04-25 02:15:25,369 [FATAL] Updater:351 - Updater called before beeing initialized
2025-04-25 02:15:25,370 [FATAL] Updater:351 - Updater called before beeing initialized
2025-04-25 02:15:25,371 [FATAL] Updater:351 - Updater called before beeing initialized
2025-04-25 02:15:25,371 [WARN] DetailPanel:346 - Failed to get advertising image, set to default
2025-04-25 02:15:25,372 [FATAL] Updater:351 - Updater called before beeing initialized
2025-04-25 02:15:25,425 [ERROR] Updater:1198 - MainUpdater not yet initialized. External WinMGr cannot be set.
2025-04-25 02:15:25,427 [INFO] Updater:1134 - Updater Version found : 6.14.0
2025-04-25 02:15:25,449 [INFO] ApplicationProperties:184 - Using Application install path: C:\ST\STM32CubeIDE_1.18.0\STM32CubeIDE\plugins\com.st.stm32cube.common.mx_6.14.0.202502271554
2025-04-25 02:15:26,736 [INFO] ThirdPartyUpdaterWithRetryManager:70 - Updater plugin not ready yet. [2/15]
2025-04-25 02:15:27,021 [ERROR] LogOutputStream:75 - [STDERR_REDIRECT] Apr 25, 2025 2:15:27 AM java.util.prefs.WindowsPreferences <init>
2025-04-25 02:15:27,022 [ERROR] LogOutputStream:75 - [STDERR_REDIRECT] WARNING: Could not open/create prefs root node Software\JavaSoft\Prefs at root 0xffffffff80000002. Windows RegCreateKeyEx(...) returned error code 5.
2025-04-25 02:15:27,024 [ERROR] LogOutputStream:75 - [STDERR_REDIRECT] 
2025-04-25 02:15:27,390 [INFO] MainUpdater:2872 - connection check result : 10
2025-04-25 02:15:27,391 [INFO] MainUpdater:289 - Updater Check For Update Now.
2025-04-25 02:15:27,391 [INFO] MicroXplorer:498 - Change Database Version : DB.6.0.140
2025-04-25 02:15:27,400 [INFO] McuFinderGlobals:63 - Set McuFinder mode to 2 (CubeIDE integrated)
2025-04-25 02:15:27,401 [INFO] UserAuth:486 - Internet connection configuration mode: 1
2025-04-25 02:15:27,424 [INFO] JxBrowserEngine:152 - Initiate JxBrowser Engine with user profile folder
2025-04-25 02:15:27,614 [INFO] CheckServerUpdateThread:120 - End of CheckServer Thread
2025-04-25 02:15:28,201 [INFO] WebApp:169 - Instantiating new browser for Auth
2025-04-25 02:15:29,013 [INFO] WebApp:463 - Apply proxy settings
2025-04-25 02:15:29,013 [INFO] WebApp:548 - Chromium requires no authentication
2025-04-25 02:15:29,024 [INFO] WebApp:491 - Direct internet connection detected
2025-04-25 02:15:29,050 [INFO] WebApp:894 - Register for checkConnection events
2025-04-25 02:15:29,050 [INFO] WebApp:463 - Apply proxy settings
2025-04-25 02:15:29,050 [INFO] WebApp:548 - Chromium requires no authentication
2025-04-25 02:15:29,052 [INFO] WebApp:491 - Direct internet connection detected
2025-04-25 02:15:29,243 [INFO] WebApp:225 - Starting web application
2025-04-25 02:15:29,243 [INFO] WebApp:593 - Web application path used C:\ST\STM32CubeIDE_1.18.0\STM32CubeIDE\plugins\com.st.stm32cube.common.mx_6.14.0.202502271554\db\plugins\mcufinder\reactClient1\index.html
2025-04-25 02:15:29,247 [INFO] WebApp:191 - Connection restablished
2025-04-25 02:15:29,371 [INFO] UserAuth:486 - Internet connection configuration mode: 1
2025-04-25 02:15:30,464 [WARN] PackLoader:240 - Cannot read IP mode file for STMicroelectronics.FP-SNS-MOTENVWB1.1.4.0
2025-04-25 02:15:30,478 [WARN] PackLoader:240 - Cannot read IP mode file for STMicroelectronics.FP-ATR-ASTRA1.2.0.2
2025-04-25 02:15:30,498 [WARN] PackLoader:240 - Cannot read IP mode file for STMicroelectronics.X-CUBE-SMBUS.2.1.0
2025-04-25 02:15:30,516 [WARN] PackLoader:240 - Cannot read IP mode file for STMicroelectronics.X-CUBE-WB05N.1.1.0
2025-04-25 02:15:30,571 [WARN] PackLoader:240 - Cannot read IP mode file for STMicroelectronics.X-CUBE-AZRTOS-F7.1.1.0
2025-04-25 02:15:30,632 [WARN] PackLoader:240 - Cannot read IP mode file for Infineon.AIROC-Wi-Fi-Bluetooth-STM32.1.7.0
2025-04-25 02:15:30,659 [WARN] PackLoader:240 - Cannot read IP mode file for STMicroelectronics.X-CUBE-DISPLAY.3.0.0
2025-04-25 02:15:30,682 [WARN] PackLoader:240 - Cannot read IP mode file for STMicroelectronics.X-CUBE-NFC10.1.0.0
2025-04-25 02:15:30,707 [WARN] PackLoader:240 - Cannot read IP mode file for STMicroelectronics.X-CUBE-BLEMGR.4.0.0
2025-04-25 02:15:30,724 [WARN] PackLoader:240 - Cannot read IP mode file for emotas.I-CUBE-CANOPEN.1.3.0
2025-04-25 02:15:30,734 [WARN] ConditionMgr:438 - getConditionDescription Invalid condition id : Cortex-A Device cause : null
2025-04-25 02:15:30,753 [WARN] ConditionMgr:1044 - genDependencies : Invalid condition id : Cortex-A Device cause : null
2025-04-25 02:15:30,753 [WARN] ConditionMgr:1044 - genDependencies : Invalid condition id : Cortex-A Device cause : null
2025-04-25 02:15:30,753 [WARN] ConditionMgr:1044 - genDependencies : Invalid condition id : Cortex-A Device cause : null
2025-04-25 02:15:30,760 [WARN] PackLoader:240 - Cannot read IP mode file for STMicroelectronics.X-CUBE-AI.10.0.0
2025-04-25 02:15:30,770 [WARN] PackLoader:240 - Cannot read IP mode file for STMicroelectronics.FP-SNS-SMARTAG2.1.2.0
2025-04-25 02:15:30,778 [WARN] PackLoader:240 - Cannot read IP mode file for STMicroelectronics.FP-SNS-FLIGHT1.5.1.0
2025-04-25 02:15:30,864 [WARN] PackLoader:240 - Cannot read IP mode file for STMicroelectronics.X-CUBE-MEMS1.11.1.0
2025-04-25 02:15:31,108 [INFO] LogOutputStream:77 - [STDOUT_REDIRECT] 1 : Invalid condition id : UX_CORESTACK_Condition cause : null
2025-04-25 02:15:31,109 [INFO] LogOutputStream:77 - [STDOUT_REDIRECT] 1 : Invalid condition id : UX_CORESTACK_Condition cause : null
2025-04-25 02:15:31,112 [INFO] LogOutputStream:77 - [STDOUT_REDIRECT] 1 : Invalid condition id : UX_CORESTACK_Condition cause : null
2025-04-25 02:15:31,115 [INFO] LogOutputStream:77 - [STDOUT_REDIRECT] 1 : Invalid condition id : UX_CORESTACK_Condition cause : null
2025-04-25 02:15:31,117 [INFO] LogOutputStream:77 - [STDOUT_REDIRECT] 1 : Invalid condition id : UX_CORESTACK_Condition cause : null
2025-04-25 02:15:31,124 [WARN] PackLoader:240 - Cannot read IP mode file for STMicroelectronics.X-CUBE-AZRTOS-WL.2.0.0
2025-04-25 02:15:31,137 [WARN] PackLoader:240 - Cannot read IP mode file for STMicroelectronics.FP-SNS-MOTENV1.5.0.0
2025-04-25 02:15:31,154 [WARN] PackLoader:240 - Cannot read IP mode file for WES.I-CUBE-Cesium.1.3.0
2025-04-25 02:15:31,162 [WARN] PackLoader:240 - Cannot read IP mode file for STMicroelectronics.X-CUBE-BLE2.3.3.0
2025-04-25 02:15:31,175 [WARN] PackLoader:240 - Cannot read IP mode file for STMicroelectronics.X-CUBE-NFC9.1.0.0
2025-04-25 02:15:31,188 [WARN] PackLoader:240 - Cannot read IP mode file for STMicroelectronics.X-CUBE-BLE1.7.1.0
2025-04-25 02:15:31,196 [WARN] PackLoader:240 - Cannot read IP mode file for wolfSSL.I-CUBE-wolfMQTT.1.19.2
2025-04-25 02:15:31,278 [WARN] PackLoader:240 - Cannot read IP mode file for STMicroelectronics.X-CUBE-MEMS1.11.2.0
2025-04-25 02:15:31,537 [WARN] PackLoader:240 - Cannot read IP mode file for STMicroelectronics.X-CUBE-AZRTOS-G0.1.1.0
2025-04-25 02:15:31,556 [WARN] PackLoader:240 - Cannot read IP mode file for STMicroelectronics.X-CUBE-SAFEA1.1.2.2
2025-04-25 02:15:31,569 [WARN] PackLoader:240 - Cannot read IP mode file for STMicroelectronics.X-CUBE-NFC4.3.0.0
2025-04-25 02:15:31,587 [WARN] PackLoader:240 - Cannot read IP mode file for EmbeddedOffice.I-CUBE-FS-RTOS.1.0.1
2025-04-25 02:15:31,600 [WARN] PackLoader:240 - Cannot read IP mode file for STMicroelectronics.X-CUBE-WB05N.2.0.0
2025-04-25 02:15:31,611 [WARN] PackLoader:240 - Cannot read IP mode file for wolfSSL.I-CUBE-wolfTPM.3.8.0
2025-04-25 02:15:31,624 [WARN] PackLoader:240 - Cannot read IP mode file for STMicroelectronics.X-CUBE-TCPP.4.2.0
2025-04-25 02:15:31,639 [WARN] PackLoader:240 - Cannot read IP mode file for RealThread.X-CUBE-RT-Thread_Nano.4.1.1
2025-04-25 02:15:31,649 [WARN] PackLoader:240 - Cannot read IP mode file for STMicroelectronics.FP-ATR-SIGFOX1.3.2.0
2025-04-25 02:15:31,664 [WARN] PackLoader:240 - Cannot read IP mode file for STMicroelectronics.X-CUBE-EEPRMA1.5.1.0
2025-04-25 02:15:31,674 [WARN] PackLoader:240 - Cannot read IP mode file for wolfSSL.I-CUBE-wolfSSL.5.7.6
2025-04-25 02:15:31,688 [WARN] PackLoader:240 - Cannot read IP mode file for ITTIA_DB.I-CUBE-ITTIADB.8.9.0
2025-04-25 02:15:31,735 [WARN] PackLoader:240 - Cannot read IP mode file for SEGGER.I-CUBE-embOS.1.3.1
2025-04-25 02:15:31,815 [WARN] PackLoader:240 - Cannot read IP mode file for STMicroelectronics.X-CUBE-ALGOBUILD.1.4.0
2025-04-25 02:15:31,848 [WARN] PackLoader:240 - Cannot read IP mode file for STMicroelectronics.X-CUBE-AZRTOS-F4.1.1.0
2025-04-25 02:15:31,862 [WARN] PackLoader:240 - Cannot read IP mode file for STMicroelectronics.X-CUBE-ISPU.2.1.0
2025-04-25 02:15:31,892 [WARN] PackLoader:240 - Cannot read IP mode file for STMicroelectronics.X-CUBE-AZRTOS-L5.2.0.0
2025-04-25 02:15:31,911 [WARN] PackLoader:240 - Cannot read IP mode file for STMicroelectronics.X-CUBE-NFC6.3.1.0
2025-04-25 02:15:31,926 [WARN] PackLoader:240 - Cannot read IP mode file for STMicroelectronics.X-CUBE-FREERTOS.1.3.0
2025-04-25 02:15:31,940 [WARN] PackLoader:240 - Cannot read IP mode file for STMicroelectronics.X-CUBE-NFC7.1.0.1
2025-04-25 02:15:31,954 [WARN] PackLoader:240 - Cannot read IP mode file for STMicroelectronics.X-CUBE-DPower.1.3.0
2025-04-25 02:15:31,986 [WARN] ConditionMgr:438 - getConditionDescription Invalid condition id : LAN8742 Phy interface Condition cause : null
2025-04-25 02:15:31,989 [WARN] PackLoader:240 - Cannot read IP mode file for STMicroelectronics.X-CUBE-AZRTOS-L4.2.0.0
2025-04-25 02:15:31,992 [WARN] ConditionMgr:1044 - genDependencies : Invalid condition id : LAN8742 Phy interface Condition cause : null
2025-04-25 02:15:31,992 [WARN] ConditionMgr:1044 - genDependencies : Invalid condition id : LAN8742 Phy interface Condition cause : null
2025-04-25 02:15:31,996 [WARN] ConditionMgr:1044 - genDependencies : Invalid condition id : LAN8742 Phy interface Condition cause : null
2025-04-25 02:15:32,010 [WARN] PackLoader:240 - Cannot read IP mode file for STMicroelectronics.X-CUBE-SFXS2LP1.4.0.0
2025-04-25 02:15:32,054 [WARN] PackLoader:240 - Cannot read IP mode file for STMicroelectronics.X-CUBE-AZRTOS-H7.3.3.0
2025-04-25 02:15:32,081 [WARN] ConditionMgr:438 - getConditionDescription Invalid condition id : UX DEVICE CLASS RTOS Condition cause : null
2025-04-25 02:15:32,082 [WARN] ConditionMgr:438 - getConditionDescription Invalid condition id : UX DEVICE CLASS RTOS Condition cause : null
2025-04-25 02:15:32,086 [WARN] PackLoader:240 - Cannot read IP mode file for STMicroelectronics.X-CUBE-AZRTOS-WB.2.0.0
2025-04-25 02:15:32,087 [WARN] ConditionMgr:1044 - genDependencies : Invalid condition id : UX DEVICE CLASS RTOS Condition cause : null
2025-04-25 02:15:32,087 [WARN] ConditionMgr:1044 - genDependencies : Invalid condition id : UX DEVICE CLASS RTOS Condition cause : null
2025-04-25 02:15:32,088 [WARN] ConditionMgr:1044 - genDependencies : Invalid condition id : UX DEVICE CLASS RTOS Condition cause : null
2025-04-25 02:15:32,088 [WARN] ConditionMgr:1044 - genDependencies : Invalid condition id : UX DEVICE CLASS RTOS Condition cause : null
2025-04-25 02:15:32,089 [WARN] ConditionMgr:1044 - genDependencies : Invalid condition id : UX DEVICE CLASS RTOS Condition cause : null
2025-04-25 02:15:32,101 [WARN] PackLoader:240 - Cannot read IP mode file for STMicroelectronics.X-CUBE-GNSS1.7.0.1
2025-04-25 02:15:32,112 [WARN] PackLoader:240 - Cannot read IP mode file for STMicroelectronics.X-CUBE-TOUCHGFX.4.25.0
2025-04-25 02:15:32,124 [WARN] PackLoader:240 - Cannot read IP mode file for STMicroelectronics.FP-SNS-STBOX1.2.0.0
2025-04-25 02:15:32,144 [WARN] PackLoader:240 - Cannot read IP mode file for STMicroelectronics.X-CUBE-SUBG2.5.0.0
2025-04-25 02:15:32,187 [WARN] PackLoader:240 - Cannot read IP mode file for STMicroelectronics.X-CUBE-AZRTOS-H7RS.1.1.0
2025-04-25 02:15:32,204 [WARN] PackLoader:240 - Cannot read IP mode file for Cesanta.I-CUBE-Mongoose.7.13.0
2025-04-25 02:15:32,228 [WARN] PackLoader:240 - Cannot read IP mode file for STMicroelectronics.X-CUBE-AZRTOS-G4.2.0.0
2025-04-25 02:15:32,240 [WARN] PackLoader:240 - Cannot read IP mode file for wolfSSL.I-CUBE-wolfSSH.1.4.20
2025-04-25 02:15:32,260 [WARN] PackLoader:240 - Cannot read IP mode file for STMicroelectronics.X-CUBE-IPS.3.1.0
2025-04-25 02:15:32,278 [WARN] PackLoader:240 - Cannot read IP mode file for STMicroelectronics.X-CUBE-ALS.1.0.2
2025-04-25 02:15:32,290 [WARN] PackLoader:240 - Cannot read IP mode file for portGmbH.I-Cube-SoM-uGOAL.1.1.0
2025-04-25 02:15:32,311 [WARN] PackLoader:240 - Cannot read IP mode file for STMicroelectronics.X-CUBE-TOF1.3.4.2
2025-04-25 02:15:32,352 [WARN] PackLoader:240 - Cannot read IP mode file for STMicroelectronics.X-CUBE-TOF1.3.4.3
2025-04-25 02:15:32,368 [INFO] ThirdParty:978 - Integrity check success = true
2025-04-25 02:15:32,368 [INFO] IntegrityCheckThread:100 - exiting critical section [integrity check]
2025-04-25 02:15:32,369 [INFO] IntegrityCheckThread:103 - End integrity checks thread
2025-04-25 15:59:50,460 [INFO] WebApp:194 - Connection lost
2025-04-25 16:00:21,464 [INFO] WebApp:191 - Connection restablished
2025-04-25 16:13:54,418 [ERROR] LogOutputStream:75 - [STDERR_REDIRECT] 
