2025-04-26 15:00:16,941 [INFO] Activator:176 - 


2025-04-26 15:00:16,946 [INFO] Activator:177 - !SESSION log4j initialized
2025-04-26 15:00:22,313 [INFO] LogOutputStream:77 - [STDOUT_REDIRECT] 
2025-04-26 15:00:34,338 [INFO] ApplicationProperties:184 - Using Application install path: C:\ST\STM32CubeIDE_1.18.0\STM32CubeIDE\plugins\com.st.stm32cube.common.mx_6.14.0.202502271554
2025-04-26 15:00:34,361 [INFO] DbMcusXml:78 - Set database path to: C:\ST\STM32CubeIDE_1.18.0\STM32CubeIDE\plugins\com.st.stm32cube.common.mx_6.14.0.202502271554\\db\/mcu/
2025-04-26 15:00:34,361 [INFO] ApiDb:274 - Set plugin database path to: C:\ST\STM32CubeIDE_1.18.0\STM32CubeIDE\plugins\com.st.stm32cube.common.mx_6.14.0.202502271554\\db\/plugins/boardmanager/
2025-04-26 15:00:34,361 [WARN] ApiDb:259 - Overriding images path with different value:  => C:\ST\STM32CubeIDE_1.18.0\STM32CubeIDE\plugins\com.st.stm32cube.common.mx_6.14.0.202502271554\\db\/plugins/mcufinder/images/
2025-04-26 15:00:34,373 [INFO] ApiDb:250 - Set database path to: C:\Users\kathe\.stmcufinder\plugins\mcufinder//mcu/
2025-04-26 15:00:34,374 [INFO] DbMcusAds:125 - Set database path to: C:\Users\kathe\.stmcufinder\plugins\mcufinder//mcu/
2025-04-26 15:00:34,377 [INFO] CrossReferenceDbSqlite:203 - Set database path to: C:\Users\kathe\.stmcufinder\plugins\mcufinder//mcu/cs/
2025-04-26 15:00:34,521 [INFO] RulesReader:64 - Compatibility file has been processed (301 Rules)
2025-04-26 15:00:34,624 [INFO] DbMcusXml:78 - Set database path to: C:\ST\STM32CubeIDE_1.18.0\STM32CubeIDE\plugins\com.st.stm32cube.common.mx_6.14.0.202502271554\\db\/mcu/
2025-04-26 15:00:34,625 [INFO] ApiDb:274 - Set plugin database path to: C:\ST\STM32CubeIDE_1.18.0\STM32CubeIDE\plugins\com.st.stm32cube.common.mx_6.14.0.202502271554\\db\/plugins/boardmanager/
2025-04-26 15:00:34,625 [INFO] ApiDb:261 - Set plugin images path to: C:\ST\STM32CubeIDE_1.18.0\STM32CubeIDE\plugins\com.st.stm32cube.common.mx_6.14.0.202502271554\\db\/plugins/mcufinder/images/
2025-04-26 15:00:34,625 [WARN] DbFile:41 - Overriding database path with different value: C:\Users\kathe\.stmcufinder\plugins\mcufinder/ => C:\Users\kathe\.stmcufinder\plugins\mcufinder
2025-04-26 15:00:34,626 [INFO] ApiDb:250 - Set database path to: C:\Users\kathe\.stmcufinder\plugins\mcufinder//mcu/
2025-04-26 15:00:34,626 [WARN] DbFile:41 - Overriding database path with different value: C:\Users\kathe\.stmcufinder\plugins\mcufinder/ => C:\Users\kathe\.stmcufinder\plugins\mcufinder
2025-04-26 15:00:34,626 [INFO] DbMcusAds:125 - Set database path to: C:\Users\kathe\.stmcufinder\plugins\mcufinder//mcu/
2025-04-26 15:00:34,626 [WARN] DbFile:41 - Overriding database path with different value: C:\Users\kathe\.stmcufinder\plugins\mcufinder/ => C:\Users\kathe\.stmcufinder\plugins\mcufinder
2025-04-26 15:00:34,626 [WARN] DbFile:41 - Overriding database path with different value: C:\Users\kathe\.stmcufinder\plugins\mcufinder/ => C:\Users\kathe\.stmcufinder\plugins\mcufinder
2025-04-26 15:00:34,626 [INFO] CrossReferenceDbSqlite:203 - Set database path to: C:\Users\kathe\.stmcufinder\plugins\mcufinder//mcu/cs/
2025-04-26 15:00:34,716 [INFO] MainPanel:272 - HeapMemory: 268435456
2025-04-26 15:00:34,841 [INFO] DbMcusXml:78 - Set database path to: C:\ST\STM32CubeIDE_1.18.0\STM32CubeIDE\plugins\com.st.stm32cube.common.mx_6.14.0.202502271554\\db\/mcu/
2025-04-26 15:00:34,841 [INFO] ApiDb:274 - Set plugin database path to: C:\ST\STM32CubeIDE_1.18.0\STM32CubeIDE\plugins\com.st.stm32cube.common.mx_6.14.0.202502271554\\db\/plugins/boardmanager/
2025-04-26 15:00:34,841 [INFO] ApiDb:261 - Set plugin images path to: C:\ST\STM32CubeIDE_1.18.0\STM32CubeIDE\plugins\com.st.stm32cube.common.mx_6.14.0.202502271554\\db\/plugins/mcufinder/images/
2025-04-26 15:00:34,842 [WARN] DbFile:41 - Overriding database path with different value: C:\Users\kathe\.stmcufinder\plugins\mcufinder/ => C:\Users\kathe\.stmcufinder\plugins\mcufinder
2025-04-26 15:00:34,842 [INFO] ApiDb:250 - Set database path to: C:\Users\kathe\.stmcufinder\plugins\mcufinder//mcu/
2025-04-26 15:00:34,842 [WARN] DbFile:41 - Overriding database path with different value: C:\Users\kathe\.stmcufinder\plugins\mcufinder/ => C:\Users\kathe\.stmcufinder\plugins\mcufinder
2025-04-26 15:00:34,842 [INFO] DbMcusAds:125 - Set database path to: C:\Users\kathe\.stmcufinder\plugins\mcufinder//mcu/
2025-04-26 15:00:34,843 [WARN] DbFile:41 - Overriding database path with different value: C:\Users\kathe\.stmcufinder\plugins\mcufinder/ => C:\Users\kathe\.stmcufinder\plugins\mcufinder
2025-04-26 15:00:34,843 [WARN] DbFile:41 - Overriding database path with different value: C:\Users\kathe\.stmcufinder\plugins\mcufinder/ => C:\Users\kathe\.stmcufinder\plugins\mcufinder
2025-04-26 15:00:34,843 [INFO] CrossReferenceDbSqlite:203 - Set database path to: C:\Users\kathe\.stmcufinder\plugins\mcufinder//mcu/cs/
2025-04-26 15:00:34,868 [INFO] ApplicationProperties:184 - Using Application install path: C:\ST\STM32CubeIDE_1.18.0\STM32CubeIDE\plugins\com.st.stm32cube.common.mx_6.14.0.202502271554
2025-04-26 15:00:34,869 [INFO] PluginManage:196 - Search for loadable plugins [exclusion list=, ]
2025-04-26 15:00:34,871 [INFO] PluginManage:310 - Check plugin analytics
2025-04-26 15:00:35,088 [INFO] AnalyticsPlugin:253 - Accepted Software Licenses: STM32CubeMX.6.14.0
2025-04-26 15:00:35,088 [INFO] AnalyticsPlugin:255 - Accepted CMSIS Pack Licenses: 
2025-04-26 15:00:35,089 [INFO] AnalyticsPlugin:257 - Accepted Firmware Licenses: FW.G4.1.6.0
2025-04-26 15:00:35,093 [INFO] PluginManage:359 - Loaded plugin analytics (category:tool,tabindex:-1)
2025-04-26 15:00:35,093 [INFO] PluginManage:310 - Check plugin cadmodel
2025-04-26 15:00:35,102 [INFO] CADModel:105 - Init CAD model plugin
2025-04-26 15:00:35,102 [INFO] PluginManage:359 - Loaded plugin cadmodel (category:power,tabindex:5)
2025-04-26 15:00:35,102 [INFO] PluginManage:310 - Check plugin clock
2025-04-26 15:00:35,118 [INFO] PluginManage:359 - Loaded plugin clock (category:base,tabindex:2)
2025-04-26 15:00:35,118 [INFO] PluginManage:310 - Check plugin ddr
2025-04-26 15:00:35,122 [INFO] PluginManage:359 - Loaded plugin ddr (category:tool,tabindex:6)
2025-04-26 15:00:35,123 [INFO] PluginManage:310 - Check plugin filemanager
2025-04-26 15:00:35,304 [INFO] PluginManage:359 - Loaded plugin filemanager (category:base,tabindex:10)
2025-04-26 15:00:35,304 [INFO] PluginManage:310 - Check plugin ipmanager
2025-04-26 15:00:35,313 [INFO] PluginManage:359 - Loaded plugin ipmanager (category:base,tabindex:5)
2025-04-26 15:00:35,313 [INFO] PluginManage:310 - Check plugin lpbam
2025-04-26 15:00:35,322 [INFO] PluginManage:359 - Loaded plugin lpbam (category:base,tabindex:0)
2025-04-26 15:00:35,322 [INFO] PluginManage:310 - Check plugin memorymap
2025-04-26 15:00:35,336 [INFO] PluginManage:359 - Loaded plugin memorymap (category:base,tabindex:4)
2025-04-26 15:00:35,336 [INFO] PluginManage:310 - Check plugin pinoutandconfiguration
2025-04-26 15:00:35,347 [INFO] PluginManage:359 - Loaded plugin pinoutandconfiguration (category:base,tabindex:1)
2025-04-26 15:00:35,347 [INFO] PluginManage:310 - Check plugin pinoutconfig
2025-04-26 15:00:35,454 [WARN] SupportedApi:132 - Cannot load RTOS API schema: s4s-elt-must-match.1: The content of 'definitions' must match (annotation?, (simpleType | complexType)?, (unique | key | keyref)*)). A problem was found starting at: attribute.
2025-04-26 15:00:35,617 [INFO] PluginManage:359 - Loaded plugin pinoutconfig (category:base,tabindex:0)
2025-04-26 15:00:35,617 [INFO] PluginManage:310 - Check plugin power
2025-04-26 15:00:35,631 [INFO] PluginManage:359 - Loaded plugin power (category:power,tabindex:4)
2025-04-26 15:00:35,632 [INFO] PluginManage:310 - Check plugin projectmanager
2025-04-26 15:00:35,663 [INFO] PluginManage:359 - Loaded plugin projectmanager (category:projectmanager,tabindex:4)
2025-04-26 15:00:35,663 [INFO] PluginManage:310 - Check plugin rif
2025-04-26 15:00:35,673 [INFO] PluginManage:359 - Loaded plugin rif (category:base,tabindex:3)
2025-04-26 15:00:35,673 [INFO] PluginManage:310 - Check plugin thirdparty
2025-04-26 15:00:35,859 [INFO] PluginManage:359 - Loaded plugin thirdparty (category:base,tabindex:-1)
2025-04-26 15:00:35,858 [WARN] IntegrityCheckThread:84 - waiting for thirdparty lock release [integrity check]
2025-04-26 15:00:35,859 [INFO] PluginManage:310 - Check plugin tools
2025-04-26 15:00:35,859 [INFO] IntegrityCheckThread:86 - entering critical section [integrity check]
2025-04-26 15:00:35,859 [INFO] ThirdPartyUpdaterWithRetryManager:70 - Updater plugin not ready yet. [1/15]
2025-04-26 15:00:35,864 [INFO] PluginManage:359 - Loaded plugin tools (category:base,tabindex:7)
2025-04-26 15:00:35,864 [INFO] PluginManage:310 - Check plugin tutovideos
2025-04-26 15:00:36,104 [INFO] PluginManage:359 - Loaded plugin tutovideos (category:base,tabindex:-1)
2025-04-26 15:00:36,104 [INFO] PluginManage:310 - Check plugin updater
2025-04-26 15:00:36,133 [INFO] PluginManage:359 - Loaded plugin updater (category:base,tabindex:12)
2025-04-26 15:00:36,133 [INFO] PluginManage:310 - Check plugin userauth
2025-04-26 15:00:36,139 [INFO] UserAuth:118 - Init User Auth plugin
2025-04-26 15:00:36,140 [INFO] PluginManage:359 - Loaded plugin userauth (category:base,tabindex:14)
2025-04-26 15:00:36,140 [INFO] PluginManage:283 - PluginManage : Loaded plugins [18]
2025-04-26 15:00:36,417 [INFO] PinOutPanel:1589 - setPackage(No Configuration,No Configuration)
2025-04-26 15:00:36,524 [INFO] CADModel:165 - CPN selected for project level
2025-04-26 15:00:36,524 [INFO] CADModel:114 - Register for checkConnection events
2025-04-26 15:00:36,548 [INFO] IPUIPlugin:80 - create IPUIPlugin
2025-04-26 15:00:36,548 [INFO] PluginManager:220 - loadIPPluginJar : add adc
2025-04-26 15:00:36,552 [INFO] IPUIPlugin:80 - create IPUIPlugin
2025-04-26 15:00:36,552 [INFO] PluginManager:220 - loadIPPluginJar : add aes
2025-04-26 15:00:36,556 [INFO] IPUIPlugin:80 - create IPUIPlugin
2025-04-26 15:00:36,556 [INFO] PluginManager:220 - loadIPPluginJar : add can
2025-04-26 15:00:36,559 [INFO] IPUIPlugin:80 - create IPUIPlugin
2025-04-26 15:00:36,559 [INFO] PluginManager:220 - loadIPPluginJar : add comp
2025-04-26 15:00:36,563 [INFO] IPUIPlugin:80 - create IPUIPlugin
2025-04-26 15:00:36,564 [INFO] PluginManager:220 - loadIPPluginJar : add cryp
2025-04-26 15:00:36,568 [INFO] IPUIPlugin:80 - create IPUIPlugin
2025-04-26 15:00:36,568 [INFO] PluginManager:220 - loadIPPluginJar : add ddr_ctrl_phy
2025-04-26 15:00:36,572 [INFO] IPUIPlugin:80 - create IPUIPlugin
2025-04-26 15:00:36,572 [INFO] PluginManager:220 - loadIPPluginJar : add dfsdm
2025-04-26 15:00:36,579 [INFO] IPUIPlugin:80 - create IPUIPlugin
2025-04-26 15:00:36,580 [INFO] PluginManager:220 - loadIPPluginJar : add dma
2025-04-26 15:00:36,583 [INFO] IPUIPlugin:80 - create IPUIPlugin
2025-04-26 15:00:36,583 [INFO] PluginManager:220 - loadIPPluginJar : add dma3
2025-04-26 15:00:36,587 [INFO] IPUIPlugin:80 - create IPUIPlugin
2025-04-26 15:00:36,587 [INFO] PluginManager:220 - loadIPPluginJar : add extmemmanager
2025-04-26 15:00:36,590 [INFO] IPUIPlugin:80 - create IPUIPlugin
2025-04-26 15:00:36,590 [INFO] PluginManager:220 - loadIPPluginJar : add fatfs
2025-04-26 15:00:36,596 [INFO] IPUIPlugin:80 - create IPUIPlugin
2025-04-26 15:00:36,596 [INFO] PluginManager:220 - loadIPPluginJar : add fmc
2025-04-26 15:00:36,603 [INFO] IPUIPlugin:80 - create IPUIPlugin
2025-04-26 15:00:36,604 [INFO] PluginManager:220 - loadIPPluginJar : add freertos
2025-04-26 15:00:36,606 [INFO] IPUIPlugin:80 - create IPUIPlugin
2025-04-26 15:00:36,606 [INFO] PluginManager:220 - loadIPPluginJar : add genericplugin
2025-04-26 15:00:36,610 [INFO] IPUIPlugin:80 - create IPUIPlugin
2025-04-26 15:00:36,610 [INFO] PluginManager:220 - loadIPPluginJar : add gfxmmu
2025-04-26 15:00:36,616 [INFO] IPUIPlugin:80 - create IPUIPlugin
2025-04-26 15:00:36,617 [INFO] PluginManager:220 - loadIPPluginJar : add gic
2025-04-26 15:00:36,622 [INFO] IPUIPlugin:80 - create IPUIPlugin
2025-04-26 15:00:36,622 [INFO] PluginManager:220 - loadIPPluginJar : add gpio
2025-04-26 15:00:36,627 [INFO] IPUIPlugin:80 - create IPUIPlugin
2025-04-26 15:00:36,627 [INFO] PluginManager:220 - loadIPPluginJar : add gtzc
2025-04-26 15:00:36,631 [INFO] IPUIPlugin:80 - create IPUIPlugin
2025-04-26 15:00:36,631 [INFO] PluginManager:220 - loadIPPluginJar : add hash
2025-04-26 15:00:36,636 [INFO] IPUIPlugin:80 - create IPUIPlugin
2025-04-26 15:00:36,636 [INFO] PluginManager:220 - loadIPPluginJar : add i2c
2025-04-26 15:00:36,640 [INFO] IPUIPlugin:80 - create IPUIPlugin
2025-04-26 15:00:36,640 [INFO] PluginManager:220 - loadIPPluginJar : add i2s
2025-04-26 15:00:36,646 [INFO] IPUIPlugin:80 - create IPUIPlugin
2025-04-26 15:00:36,646 [INFO] PluginManager:220 - loadIPPluginJar : add i3c
2025-04-26 15:00:36,651 [INFO] IPUIPlugin:80 - create IPUIPlugin
2025-04-26 15:00:36,651 [INFO] PluginManager:220 - loadIPPluginJar : add ipddr
2025-04-26 15:00:36,662 [INFO] IPUIPlugin:80 - create IPUIPlugin
2025-04-26 15:00:36,662 [INFO] PluginManager:220 - loadIPPluginJar : add linkedlist
2025-04-26 15:00:36,667 [INFO] IPUIPlugin:80 - create IPUIPlugin
2025-04-26 15:00:36,667 [INFO] PluginManager:220 - loadIPPluginJar : add lorawan
2025-04-26 15:00:36,670 [INFO] IPUIPlugin:80 - create IPUIPlugin
2025-04-26 15:00:36,670 [INFO] PluginManager:220 - loadIPPluginJar : add ltdc
2025-04-26 15:00:36,678 [INFO] IPUIPlugin:80 - create IPUIPlugin
2025-04-26 15:00:36,678 [INFO] PluginManager:220 - loadIPPluginJar : add mdma
2025-04-26 15:00:36,684 [INFO] IPUIPlugin:80 - create IPUIPlugin
2025-04-26 15:00:36,684 [INFO] PluginManager:220 - loadIPPluginJar : add nvic
2025-04-26 15:00:36,689 [INFO] IPUIPlugin:80 - create IPUIPlugin
2025-04-26 15:00:36,690 [INFO] PluginManager:220 - loadIPPluginJar : add opamp
2025-04-26 15:00:36,695 [INFO] IPUIPlugin:80 - create IPUIPlugin
2025-04-26 15:00:36,695 [INFO] PluginManager:220 - loadIPPluginJar : add openamp
2025-04-26 15:00:36,701 [INFO] IPUIPlugin:80 - create IPUIPlugin
2025-04-26 15:00:36,701 [INFO] PluginManager:220 - loadIPPluginJar : add pdm2pcm
2025-04-26 15:00:36,710 [INFO] IPUIPlugin:80 - create IPUIPlugin
2025-04-26 15:00:36,714 [INFO] PluginManager:220 - loadIPPluginJar : add plateformsettings
2025-04-26 15:00:36,717 [INFO] IPUIPlugin:80 - create IPUIPlugin
2025-04-26 15:00:36,717 [INFO] PluginManager:220 - loadIPPluginJar : add quadspi
2025-04-26 15:00:36,720 [INFO] IPUIPlugin:80 - create IPUIPlugin
2025-04-26 15:00:36,721 [INFO] PluginManager:220 - loadIPPluginJar : add radio
2025-04-26 15:00:36,728 [INFO] IPUIPlugin:80 - create IPUIPlugin
2025-04-26 15:00:36,728 [INFO] PluginManager:220 - loadIPPluginJar : add resmgrutility
2025-04-26 15:00:36,734 [INFO] IPUIPlugin:80 - create IPUIPlugin
2025-04-26 15:00:36,734 [INFO] PluginManager:220 - loadIPPluginJar : add sai
2025-04-26 15:00:36,738 [INFO] IPUIPlugin:80 - create IPUIPlugin
2025-04-26 15:00:36,738 [INFO] PluginManager:220 - loadIPPluginJar : add spi
2025-04-26 15:00:36,746 [INFO] IPUIPlugin:80 - create IPUIPlugin
2025-04-26 15:00:36,746 [INFO] PluginManager:220 - loadIPPluginJar : add stm32_wpan
2025-04-26 15:00:36,749 [INFO] IPUIPlugin:80 - create IPUIPlugin
2025-04-26 15:00:36,749 [INFO] PluginManager:220 - loadIPPluginJar : add tim
2025-04-26 15:00:36,754 [INFO] IPUIPlugin:80 - create IPUIPlugin
2025-04-26 15:00:36,754 [INFO] PluginManager:220 - loadIPPluginJar : add touchsensing
2025-04-26 15:00:36,757 [INFO] IPUIPlugin:80 - create IPUIPlugin
2025-04-26 15:00:36,757 [INFO] PluginManager:220 - loadIPPluginJar : add tracer_emb
2025-04-26 15:00:36,761 [INFO] IPUIPlugin:80 - create IPUIPlugin
2025-04-26 15:00:36,761 [INFO] PluginManager:220 - loadIPPluginJar : add ts
2025-04-26 15:00:36,763 [INFO] IPUIPlugin:80 - create IPUIPlugin
2025-04-26 15:00:36,764 [INFO] PluginManager:220 - loadIPPluginJar : add tsc
2025-04-26 15:00:36,767 [INFO] IPUIPlugin:80 - create IPUIPlugin
2025-04-26 15:00:36,767 [INFO] PluginManager:220 - loadIPPluginJar : add ucpd
2025-04-26 15:00:36,770 [INFO] IPUIPlugin:80 - create IPUIPlugin
2025-04-26 15:00:36,771 [INFO] PluginManager:220 - loadIPPluginJar : add usart
2025-04-26 15:00:36,775 [INFO] IPUIPlugin:80 - create IPUIPlugin
2025-04-26 15:00:36,776 [INFO] PluginManager:220 - loadIPPluginJar : add usbx
2025-04-26 15:00:36,923 [FATAL] Updater:351 - Updater called before beeing initialized
2025-04-26 15:00:36,959 [INFO] RulesReader:64 - Compatibility file has been processed (301 Rules)
2025-04-26 15:00:36,974 [INFO] RulesReader:64 - Compatibility file has been processed (301 Rules)
2025-04-26 15:00:36,985 [INFO] CADModel:165 - CPN selected for project level
2025-04-26 15:00:36,985 [INFO] CADModel:114 - Register for checkConnection events
2025-04-26 15:00:36,985 [FATAL] Updater:351 - Updater called before beeing initialized
2025-04-26 15:00:36,986 [ERROR] CADModel:125 - Updater not yet initialized, retry later 
2025-04-26 15:00:37,159 [FATAL] Updater:351 - Updater called before beeing initialized
2025-04-26 15:00:37,161 [INFO] CADModel:165 - CPN selected for project level
2025-04-26 15:00:37,162 [INFO] CADModel:114 - Register for checkConnection events
2025-04-26 15:00:37,162 [FATAL] Updater:351 - Updater called before beeing initialized
2025-04-26 15:00:37,162 [ERROR] CADModel:125 - Updater not yet initialized, retry later 
2025-04-26 15:00:37,166 [FATAL] Updater:351 - Updater called before beeing initialized
2025-04-26 15:00:37,321 [FATAL] Updater:351 - Updater called before beeing initialized
2025-04-26 15:00:37,327 [INFO] DbMcusAds:53 - JSON generation date=Thu Mar 06 09:54:22 EST 2025 (1741272862204)
2025-04-26 15:00:37,327 [FATAL] Updater:351 - Updater called before beeing initialized
2025-04-26 15:00:37,368 [WARN] DetailPanel:346 - Failed to get advertising image, set to default
2025-04-26 15:00:37,645 [FATAL] Updater:351 - Updater called before beeing initialized
2025-04-26 15:00:37,648 [FATAL] Updater:351 - Updater called before beeing initialized
2025-04-26 15:00:37,648 [FATAL] Updater:351 - Updater called before beeing initialized
2025-04-26 15:00:37,648 [WARN] DetailPanel:346 - Failed to get advertising image, set to default
2025-04-26 15:00:37,649 [FATAL] Updater:351 - Updater called before beeing initialized
2025-04-26 15:00:37,711 [ERROR] Updater:1198 - MainUpdater not yet initialized. External WinMGr cannot be set.
2025-04-26 15:00:37,714 [INFO] Updater:1134 - Updater Version found : 6.14.0
2025-04-26 15:00:37,739 [INFO] ApplicationProperties:184 - Using Application install path: C:\ST\STM32CubeIDE_1.18.0\STM32CubeIDE\plugins\com.st.stm32cube.common.mx_6.14.0.202502271554
2025-04-26 15:00:38,861 [INFO] ThirdPartyUpdaterWithRetryManager:70 - Updater plugin not ready yet. [2/15]
2025-04-26 15:00:39,313 [ERROR] LogOutputStream:75 - [STDERR_REDIRECT] Apr 26, 2025 3:00:39 PM java.util.prefs.WindowsPreferences <init>
2025-04-26 15:00:39,314 [ERROR] LogOutputStream:75 - [STDERR_REDIRECT] WARNING: Could not open/create prefs root node Software\JavaSoft\Prefs at root 0xffffffff80000002. Windows RegCreateKeyEx(...) returned error code 5.
2025-04-26 15:00:39,315 [ERROR] LogOutputStream:75 - [STDERR_REDIRECT] 
2025-04-26 15:00:39,644 [INFO] MainUpdater:2872 - connection check result : 10
2025-04-26 15:00:39,645 [INFO] MainUpdater:289 - Updater Check For Update Now.
2025-04-26 15:00:39,645 [INFO] MicroXplorer:498 - Change Database Version : DB.6.0.140
2025-04-26 15:00:39,655 [INFO] McuFinderGlobals:63 - Set McuFinder mode to 2 (CubeIDE integrated)
2025-04-26 15:00:39,656 [INFO] UserAuth:486 - Internet connection configuration mode: 1
2025-04-26 15:00:39,694 [INFO] JxBrowserEngine:152 - Initiate JxBrowser Engine with user profile folder
2025-04-26 15:00:39,858 [INFO] CheckServerUpdateThread:120 - End of CheckServer Thread
2025-04-26 15:00:41,028 [INFO] WebApp:169 - Instantiating new browser for Auth
2025-04-26 15:00:42,056 [INFO] WebApp:463 - Apply proxy settings
2025-04-26 15:00:42,056 [INFO] WebApp:548 - Chromium requires no authentication
2025-04-26 15:00:42,073 [INFO] WebApp:491 - Direct internet connection detected
2025-04-26 15:00:42,122 [INFO] WebApp:894 - Register for checkConnection events
2025-04-26 15:00:42,122 [INFO] WebApp:463 - Apply proxy settings
2025-04-26 15:00:42,122 [INFO] WebApp:548 - Chromium requires no authentication
2025-04-26 15:00:42,123 [INFO] WebApp:491 - Direct internet connection detected
2025-04-26 15:00:42,367 [WARN] PackLoader:240 - Cannot read IP mode file for STMicroelectronics.FP-SNS-MOTENVWB1.1.4.0
2025-04-26 15:00:42,378 [WARN] PackLoader:240 - Cannot read IP mode file for STMicroelectronics.FP-ATR-ASTRA1.2.0.2
2025-04-26 15:00:42,390 [WARN] PackLoader:240 - Cannot read IP mode file for STMicroelectronics.X-CUBE-SMBUS.2.1.0
2025-04-26 15:00:42,405 [WARN] PackLoader:240 - Cannot read IP mode file for STMicroelectronics.X-CUBE-WB05N.1.1.0
2025-04-26 15:00:42,427 [INFO] WebApp:225 - Starting web application
2025-04-26 15:00:42,428 [INFO] WebApp:593 - Web application path used C:\ST\STM32CubeIDE_1.18.0\STM32CubeIDE\plugins\com.st.stm32cube.common.mx_6.14.0.202502271554\db\plugins\mcufinder\reactClient1\index.html
2025-04-26 15:00:42,451 [WARN] PackLoader:240 - Cannot read IP mode file for STMicroelectronics.X-CUBE-AZRTOS-F7.1.1.0
2025-04-26 15:00:42,504 [WARN] PackLoader:240 - Cannot read IP mode file for Infineon.AIROC-Wi-Fi-Bluetooth-STM32.1.7.0
2025-04-26 15:00:42,525 [WARN] PackLoader:240 - Cannot read IP mode file for STMicroelectronics.X-CUBE-DISPLAY.3.0.0
2025-04-26 15:00:42,545 [WARN] PackLoader:240 - Cannot read IP mode file for STMicroelectronics.X-CUBE-NFC10.1.0.0
2025-04-26 15:00:42,565 [WARN] PackLoader:240 - Cannot read IP mode file for STMicroelectronics.X-CUBE-BLEMGR.4.0.0
2025-04-26 15:00:42,577 [WARN] PackLoader:240 - Cannot read IP mode file for emotas.I-CUBE-CANOPEN.1.3.0
2025-04-26 15:00:42,586 [WARN] ConditionMgr:438 - getConditionDescription Invalid condition id : Cortex-A Device cause : null
2025-04-26 15:00:42,603 [WARN] ConditionMgr:1044 - genDependencies : Invalid condition id : Cortex-A Device cause : null
2025-04-26 15:00:42,603 [WARN] ConditionMgr:1044 - genDependencies : Invalid condition id : Cortex-A Device cause : null
2025-04-26 15:00:42,604 [WARN] ConditionMgr:1044 - genDependencies : Invalid condition id : Cortex-A Device cause : null
2025-04-26 15:00:42,611 [WARN] PackLoader:240 - Cannot read IP mode file for STMicroelectronics.X-CUBE-AI.10.0.0
2025-04-26 15:00:42,618 [WARN] PackLoader:240 - Cannot read IP mode file for STMicroelectronics.FP-SNS-SMARTAG2.1.2.0
2025-04-26 15:00:42,626 [WARN] PackLoader:240 - Cannot read IP mode file for STMicroelectronics.FP-SNS-FLIGHT1.5.1.0
2025-04-26 15:00:42,707 [WARN] PackLoader:240 - Cannot read IP mode file for STMicroelectronics.X-CUBE-MEMS1.11.1.0
2025-04-26 15:00:42,748 [INFO] WebApp:191 - Connection restablished
2025-04-26 15:00:42,800 [INFO] UserAuth:486 - Internet connection configuration mode: 1
2025-04-26 15:00:42,940 [INFO] LogOutputStream:77 - [STDOUT_REDIRECT] 1 : Invalid condition id : UX_CORESTACK_Condition cause : null
2025-04-26 15:00:42,941 [INFO] LogOutputStream:77 - [STDOUT_REDIRECT] 1 : Invalid condition id : UX_CORESTACK_Condition cause : null
2025-04-26 15:00:42,942 [INFO] LogOutputStream:77 - [STDOUT_REDIRECT] 1 : Invalid condition id : UX_CORESTACK_Condition cause : null
2025-04-26 15:00:42,946 [INFO] LogOutputStream:77 - [STDOUT_REDIRECT] 1 : Invalid condition id : UX_CORESTACK_Condition cause : null
2025-04-26 15:00:42,947 [INFO] LogOutputStream:77 - [STDOUT_REDIRECT] 1 : Invalid condition id : UX_CORESTACK_Condition cause : null
2025-04-26 15:00:42,951 [WARN] PackLoader:240 - Cannot read IP mode file for STMicroelectronics.X-CUBE-AZRTOS-WL.2.0.0
2025-04-26 15:00:42,961 [WARN] PackLoader:240 - Cannot read IP mode file for STMicroelectronics.FP-SNS-MOTENV1.5.0.0
2025-04-26 15:00:42,973 [WARN] PackLoader:240 - Cannot read IP mode file for WES.I-CUBE-Cesium.1.3.0
2025-04-26 15:00:42,983 [WARN] PackLoader:240 - Cannot read IP mode file for STMicroelectronics.X-CUBE-BLE2.3.3.0
2025-04-26 15:00:42,993 [WARN] PackLoader:240 - Cannot read IP mode file for STMicroelectronics.X-CUBE-NFC9.1.0.0
2025-04-26 15:00:43,001 [WARN] PackLoader:240 - Cannot read IP mode file for STMicroelectronics.X-CUBE-BLE1.7.1.0
2025-04-26 15:00:43,019 [WARN] PackLoader:240 - Cannot read IP mode file for wolfSSL.I-CUBE-wolfMQTT.1.19.2
2025-04-26 15:00:43,081 [WARN] PackLoader:240 - Cannot read IP mode file for STMicroelectronics.X-CUBE-MEMS1.11.2.0
2025-04-26 15:00:43,220 [WARN] PackLoader:240 - Cannot read IP mode file for STMicroelectronics.X-CUBE-AZRTOS-G0.1.1.0
2025-04-26 15:00:43,238 [WARN] PackLoader:240 - Cannot read IP mode file for STMicroelectronics.X-CUBE-SAFEA1.1.2.2
2025-04-26 15:00:43,248 [WARN] PackLoader:240 - Cannot read IP mode file for STMicroelectronics.X-CUBE-NFC4.3.0.0
2025-04-26 15:00:43,263 [WARN] PackLoader:240 - Cannot read IP mode file for EmbeddedOffice.I-CUBE-FS-RTOS.1.0.1
2025-04-26 15:00:43,290 [WARN] PackLoader:240 - Cannot read IP mode file for STMicroelectronics.X-CUBE-WB05N.2.0.0
2025-04-26 15:00:43,299 [WARN] PackLoader:240 - Cannot read IP mode file for wolfSSL.I-CUBE-wolfTPM.3.8.0
2025-04-26 15:00:43,309 [WARN] PackLoader:240 - Cannot read IP mode file for STMicroelectronics.X-CUBE-TCPP.4.2.0
2025-04-26 15:00:43,322 [WARN] PackLoader:240 - Cannot read IP mode file for RealThread.X-CUBE-RT-Thread_Nano.4.1.1
2025-04-26 15:00:43,329 [WARN] PackLoader:240 - Cannot read IP mode file for STMicroelectronics.FP-ATR-SIGFOX1.3.2.0
2025-04-26 15:00:43,368 [WARN] PackLoader:240 - Cannot read IP mode file for STMicroelectronics.X-CUBE-EEPRMA1.5.1.0
2025-04-26 15:00:43,385 [WARN] PackLoader:240 - Cannot read IP mode file for wolfSSL.I-CUBE-wolfSSL.5.7.6
2025-04-26 15:00:43,402 [WARN] PackLoader:240 - Cannot read IP mode file for ITTIA_DB.I-CUBE-ITTIADB.8.9.0
2025-04-26 15:00:43,453 [WARN] PackLoader:240 - Cannot read IP mode file for SEGGER.I-CUBE-embOS.1.3.1
2025-04-26 15:00:43,515 [WARN] PackLoader:240 - Cannot read IP mode file for STMicroelectronics.X-CUBE-ALGOBUILD.1.4.0
2025-04-26 15:00:43,551 [WARN] PackLoader:240 - Cannot read IP mode file for STMicroelectronics.X-CUBE-AZRTOS-F4.1.1.0
2025-04-26 15:00:43,565 [WARN] PackLoader:240 - Cannot read IP mode file for STMicroelectronics.X-CUBE-ISPU.2.1.0
2025-04-26 15:00:43,594 [WARN] PackLoader:240 - Cannot read IP mode file for STMicroelectronics.X-CUBE-AZRTOS-L5.2.0.0
2025-04-26 15:00:43,612 [WARN] PackLoader:240 - Cannot read IP mode file for STMicroelectronics.X-CUBE-NFC6.3.1.0
2025-04-26 15:00:43,626 [WARN] PackLoader:240 - Cannot read IP mode file for STMicroelectronics.X-CUBE-FREERTOS.1.3.0
2025-04-26 15:00:43,638 [WARN] PackLoader:240 - Cannot read IP mode file for STMicroelectronics.X-CUBE-NFC7.1.0.1
2025-04-26 15:00:43,650 [WARN] PackLoader:240 - Cannot read IP mode file for STMicroelectronics.X-CUBE-DPower.1.3.0
2025-04-26 15:00:43,686 [WARN] ConditionMgr:438 - getConditionDescription Invalid condition id : LAN8742 Phy interface Condition cause : null
2025-04-26 15:00:43,687 [WARN] PackLoader:240 - Cannot read IP mode file for STMicroelectronics.X-CUBE-AZRTOS-L4.2.0.0
2025-04-26 15:00:43,689 [WARN] ConditionMgr:1044 - genDependencies : Invalid condition id : LAN8742 Phy interface Condition cause : null
2025-04-26 15:00:43,690 [WARN] ConditionMgr:1044 - genDependencies : Invalid condition id : LAN8742 Phy interface Condition cause : null
2025-04-26 15:00:43,691 [WARN] ConditionMgr:1044 - genDependencies : Invalid condition id : LAN8742 Phy interface Condition cause : null
2025-04-26 15:00:43,704 [WARN] PackLoader:240 - Cannot read IP mode file for STMicroelectronics.X-CUBE-SFXS2LP1.4.0.0
2025-04-26 15:00:43,741 [WARN] PackLoader:240 - Cannot read IP mode file for STMicroelectronics.X-CUBE-AZRTOS-H7.3.3.0
2025-04-26 15:00:43,769 [WARN] ConditionMgr:438 - getConditionDescription Invalid condition id : UX DEVICE CLASS RTOS Condition cause : null
2025-04-26 15:00:43,769 [WARN] ConditionMgr:438 - getConditionDescription Invalid condition id : UX DEVICE CLASS RTOS Condition cause : null
2025-04-26 15:00:43,773 [WARN] PackLoader:240 - Cannot read IP mode file for STMicroelectronics.X-CUBE-AZRTOS-WB.2.0.0
2025-04-26 15:00:43,773 [WARN] ConditionMgr:1044 - genDependencies : Invalid condition id : UX DEVICE CLASS RTOS Condition cause : null
2025-04-26 15:00:43,774 [WARN] ConditionMgr:1044 - genDependencies : Invalid condition id : UX DEVICE CLASS RTOS Condition cause : null
2025-04-26 15:00:43,774 [WARN] ConditionMgr:1044 - genDependencies : Invalid condition id : UX DEVICE CLASS RTOS Condition cause : null
2025-04-26 15:00:43,774 [WARN] ConditionMgr:1044 - genDependencies : Invalid condition id : UX DEVICE CLASS RTOS Condition cause : null
2025-04-26 15:00:43,774 [WARN] ConditionMgr:1044 - genDependencies : Invalid condition id : UX DEVICE CLASS RTOS Condition cause : null
2025-04-26 15:00:43,788 [WARN] PackLoader:240 - Cannot read IP mode file for STMicroelectronics.X-CUBE-GNSS1.7.0.1
2025-04-26 15:00:43,799 [WARN] PackLoader:240 - Cannot read IP mode file for STMicroelectronics.X-CUBE-TOUCHGFX.4.25.0
2025-04-26 15:00:43,810 [WARN] PackLoader:240 - Cannot read IP mode file for STMicroelectronics.FP-SNS-STBOX1.2.0.0
2025-04-26 15:00:43,831 [WARN] PackLoader:240 - Cannot read IP mode file for STMicroelectronics.X-CUBE-SUBG2.5.0.0
2025-04-26 15:00:43,866 [WARN] PackLoader:240 - Cannot read IP mode file for STMicroelectronics.X-CUBE-AZRTOS-H7RS.1.1.0
2025-04-26 15:00:43,878 [WARN] PackLoader:240 - Cannot read IP mode file for Cesanta.I-CUBE-Mongoose.7.13.0
2025-04-26 15:00:43,901 [WARN] PackLoader:240 - Cannot read IP mode file for STMicroelectronics.X-CUBE-AZRTOS-G4.2.0.0
2025-04-26 15:00:43,911 [WARN] PackLoader:240 - Cannot read IP mode file for wolfSSL.I-CUBE-wolfSSH.1.4.20
2025-04-26 15:00:43,930 [WARN] PackLoader:240 - Cannot read IP mode file for STMicroelectronics.X-CUBE-IPS.3.1.0
2025-04-26 15:00:43,948 [WARN] PackLoader:240 - Cannot read IP mode file for STMicroelectronics.X-CUBE-ALS.1.0.2
2025-04-26 15:00:43,959 [WARN] PackLoader:240 - Cannot read IP mode file for portGmbH.I-Cube-SoM-uGOAL.1.1.0
2025-04-26 15:00:43,977 [WARN] PackLoader:240 - Cannot read IP mode file for STMicroelectronics.X-CUBE-TOF1.3.4.2
2025-04-26 15:00:44,005 [WARN] PackLoader:240 - Cannot read IP mode file for STMicroelectronics.X-CUBE-TOF1.3.4.3
2025-04-26 15:00:44,020 [INFO] ThirdParty:978 - Integrity check success = true
2025-04-26 15:00:44,020 [INFO] IntegrityCheckThread:100 - exiting critical section [integrity check]
2025-04-26 15:00:44,021 [INFO] IntegrityCheckThread:103 - End integrity checks thread
